TN:
SF:src/config/index.ts
FN:17,(anonymous_9)
FN:24,(anonymous_10)
FN:32,(anonymous_11)
FN:35,(anonymous_12)
FN:42,(anonymous_13)
FN:57,(anonymous_14)
FN:62,(anonymous_15)
FN:70,(anonymous_16)
FN:97,(anonymous_17)
FN:103,(anonymous_18)
FN:120,(anonymous_19)
FN:131,(anonymous_20)
FN:196,(anonymous_21)
FN:225,(anonymous_22)
FN:288,(anonymous_23)
FN:298,(anonymous_24)
FN:306,(anonymous_25)
FN:313,(anonymous_26)
FN:321,getConfigManager
FNF:19
FNH:19
FNDA:15,(anonymous_9)
FNDA:3,(anonymous_10)
FNDA:9,(anonymous_11)
FNDA:19,(anonymous_12)
FNDA:2,(anonymous_13)
FNDA:59,(anonymous_14)
FNDA:2,(anonymous_15)
FNDA:9,(anonymous_16)
FNDA:117,(anonymous_17)
FNDA:15,(anonymous_18)
FNDA:8,(anonymous_19)
FNDA:7,(anonymous_20)
FNDA:8,(anonymous_21)
FNDA:2,(anonymous_22)
FNDA:4,(anonymous_23)
FNDA:1,(anonymous_24)
FNDA:4,(anonymous_25)
FNDA:1,(anonymous_26)
FNDA:2,getConfigManager
DA:6,1
DA:7,1
DA:8,1
DA:9,1
DA:12,1
DA:13,15
DA:15,15
DA:18,15
DA:25,3
DA:26,3
DA:34,9
DA:35,19
DA:39,9
DA:40,9
DA:41,1
DA:42,1
DA:43,2
DA:44,2
DA:45,2
DA:46,2
DA:47,2
DA:58,59
DA:59,0
DA:62,59
DA:63,2
DA:71,9
DA:73,9
DA:76,9
DA:77,8
DA:80,8
DA:83,8
DA:85,7
DA:86,7
DA:88,2
DA:90,2
DA:98,117
DA:99,59
DA:102,58
DA:103,21
DA:106,37
DA:107,23
DA:108,23
DA:109,94
DA:111,23
DA:114,14
DA:122,8
DA:131,8
DA:147,8
DA:163,8
DA:188,8
DA:190,7
DA:197,8
DA:200,8
DA:201,0
DA:203,8
DA:204,0
DA:208,8
DA:209,1
DA:213,8
DA:214,0
DA:217,8
DA:218,1
DA:226,2
DA:289,4
DA:290,1
DA:292,3
DA:299,1
DA:300,1
DA:307,4
DA:314,1
DA:319,1
DA:321,1
DA:322,2
DA:323,1
DA:325,2
LF:75
LH:71
BRDA:18,0,0,15
BRDA:18,0,1,3
BRDA:25,1,0,3
BRDA:25,1,1,2
BRDA:40,2,0,1
BRDA:44,3,0,2
BRDA:44,4,0,2
BRDA:44,4,1,2
BRDA:46,5,0,2
BRDA:46,6,0,2
BRDA:46,6,1,2
BRDA:58,7,0,0
BRDA:58,8,0,59
BRDA:58,8,1,59
BRDA:63,9,0,2
BRDA:63,9,1,0
BRDA:88,10,0,2
BRDA:88,10,1,0
BRDA:98,11,0,59
BRDA:102,12,0,21
BRDA:106,13,0,23
BRDA:106,14,0,37
BRDA:106,14,1,37
BRDA:123,15,0,8
BRDA:123,15,1,7
BRDA:124,16,0,8
BRDA:124,16,1,7
BRDA:124,16,2,0
BRDA:125,17,0,8
BRDA:125,17,1,8
BRDA:126,18,0,8
BRDA:126,18,1,8
BRDA:127,19,0,8
BRDA:127,19,1,8
BRDA:131,20,0,8
BRDA:131,20,1,1
BRDA:132,21,0,7
BRDA:132,21,1,0
BRDA:133,22,0,7
BRDA:133,22,1,0
BRDA:134,23,0,7
BRDA:134,23,1,0
BRDA:135,24,0,7
BRDA:135,24,1,0
BRDA:136,25,0,7
BRDA:136,25,1,7
BRDA:137,26,0,7
BRDA:137,26,1,0
BRDA:139,27,0,7
BRDA:139,27,1,7
BRDA:148,28,0,8
BRDA:148,28,1,1
BRDA:149,29,0,8
BRDA:149,29,1,1
BRDA:150,30,0,8
BRDA:150,30,1,1
BRDA:151,31,0,8
BRDA:151,31,1,1
BRDA:152,32,0,8
BRDA:152,32,1,1
BRDA:159,33,0,8
BRDA:159,33,1,8
BRDA:168,34,0,8
BRDA:168,34,1,8
BRDA:169,35,0,8
BRDA:169,35,1,8
BRDA:170,36,0,8
BRDA:170,36,1,8
BRDA:174,37,0,8
BRDA:174,37,1,8
BRDA:175,38,0,8
BRDA:175,38,1,8
BRDA:177,39,0,8
BRDA:177,39,1,8
BRDA:181,40,0,8
BRDA:181,40,1,8
BRDA:182,41,0,8
BRDA:182,41,1,8
BRDA:183,42,0,8
BRDA:183,42,1,8
BRDA:200,43,0,0
BRDA:203,44,0,0
BRDA:208,45,0,1
BRDA:213,46,0,0
BRDA:217,47,0,1
BRDA:289,48,0,1
BRDA:322,49,0,1
BRF:87
BRH:75
end_of_record
TN:
SF:src/data_processing/cache-manager.ts
FN:38,(anonymous_9)
FN:72,(anonymous_10)
FN:93,(anonymous_11)
FN:111,(anonymous_12)
FN:163,(anonymous_13)
FN:189,(anonymous_14)
FN:204,(anonymous_15)
FN:228,(anonymous_16)
FN:260,(anonymous_17)
FN:290,(anonymous_18)
FN:306,(anonymous_19)
FN:325,(anonymous_20)
FN:347,(anonymous_21)
FN:359,(anonymous_22)
FN:362,(anonymous_23)
FN:397,(anonymous_24)
FN:422,(anonymous_25)
FN:435,(anonymous_26)
FN:448,(anonymous_27)
FN:462,(anonymous_28)
FN:465,(anonymous_29)
FN:485,(anonymous_30)
FN:492,(anonymous_31)
FN:504,(anonymous_32)
FN:530,(anonymous_33)
FN:548,(anonymous_34)
FN:551,(anonymous_35)
FN:552,(anonymous_36)
FN:579,(anonymous_37)
FN:580,(anonymous_38)
FN:594,(anonymous_39)
FN:599,(anonymous_40)
FN:604,(anonymous_41)
FN:609,(anonymous_42)
FN:614,(anonymous_43)
FNF:35
FNH:19
FNDA:10,(anonymous_9)
FNDA:0,(anonymous_10)
FNDA:0,(anonymous_11)
FNDA:3,(anonymous_12)
FNDA:5,(anonymous_13)
FNDA:0,(anonymous_14)
FNDA:1,(anonymous_15)
FNDA:2,(anonymous_16)
FNDA:1,(anonymous_17)
FNDA:1,(anonymous_18)
FNDA:0,(anonymous_19)
FNDA:0,(anonymous_20)
FNDA:0,(anonymous_21)
FNDA:0,(anonymous_22)
FNDA:0,(anonymous_23)
FNDA:0,(anonymous_24)
FNDA:3,(anonymous_25)
FNDA:5,(anonymous_26)
FNDA:1,(anonymous_27)
FNDA:1,(anonymous_28)
FNDA:0,(anonymous_29)
FNDA:4,(anonymous_30)
FNDA:5,(anonymous_31)
FNDA:5,(anonymous_32)
FNDA:0,(anonymous_33)
FNDA:0,(anonymous_34)
FNDA:0,(anonymous_35)
FNDA:0,(anonymous_36)
FNDA:0,(anonymous_37)
FNDA:0,(anonymous_38)
FNDA:2,(anonymous_39)
FNDA:1,(anonymous_40)
FNDA:5,(anonymous_41)
FNDA:1,(anonymous_42)
FNDA:3,(anonymous_43)
DA:6,1
DA:7,1
DA:10,1
DA:29,1
DA:46,10
DA:47,10
DA:48,10
DA:49,10
DA:51,10
DA:52,10
DA:60,10
DA:62,10
DA:73,0
DA:75,0
DA:78,0
DA:81,0
DA:83,0
DA:85,0
DA:94,0
DA:95,0
DA:96,0
DA:99,0
DA:101,0
DA:102,0
DA:104,0
DA:112,3
DA:114,3
DA:116,3
DA:117,3
DA:118,1
DA:120,0
DA:121,0
DA:122,0
DA:126,1
DA:127,1
DA:128,1
DA:130,1
DA:131,1
DA:135,2
DA:136,2
DA:138,1
DA:144,1
DA:145,1
DA:146,1
DA:150,1
DA:151,1
DA:152,1
DA:154,0
DA:155,0
DA:156,0
DA:164,5
DA:165,5
DA:167,5
DA:173,5
DA:174,5
DA:183,5
DA:186,5
DA:189,5
DA:190,0
DA:193,5
DA:194,5
DA:196,0
DA:197,0
DA:205,1
DA:207,1
DA:209,1
DA:210,1
DA:211,1
DA:212,1
DA:216,1
DA:218,1
DA:220,0
DA:221,0
DA:229,2
DA:231,2
DA:232,2
DA:233,1
DA:234,0
DA:235,0
DA:237,1
DA:241,1
DA:242,1
DA:243,1
DA:244,0
DA:245,0
DA:247,1
DA:250,0
DA:252,0
DA:253,0
DA:261,1
DA:263,1
DA:265,1
DA:268,1
DA:271,0
DA:280,0
DA:282,1
DA:283,1
DA:292,1
DA:294,1
DA:319,0
DA:321,0
DA:322,0
DA:323,0
DA:325,0
DA:326,0
DA:328,0
DA:336,0
DA:339,0
DA:348,0
DA:349,0
DA:351,0
DA:352,0
DA:360,0
DA:361,0
DA:362,0
DA:364,0
DA:366,0
DA:367,0
DA:368,0
DA:369,0
DA:370,0
DA:371,0
DA:373,0
DA:375,0
DA:376,0
DA:377,0
DA:378,0
DA:381,0
DA:384,0
DA:388,0
DA:390,0
DA:398,0
DA:399,0
DA:400,0
DA:401,0
DA:403,0
DA:404,0
DA:405,0
DA:406,0
DA:407,0
DA:409,0
DA:413,0
DA:415,0
DA:423,3
DA:424,3
DA:425,3
DA:426,2
DA:428,1
DA:436,5
DA:437,5
DA:438,5
DA:439,5
DA:441,0
DA:449,1
DA:450,1
DA:451,1
DA:453,0
DA:454,0
DA:463,1
DA:464,1
DA:465,1
DA:467,0
DA:468,0
DA:469,0
DA:470,0
DA:472,0
DA:476,0
DA:478,1
DA:486,4
DA:493,5
DA:494,5
DA:495,5
DA:497,0
DA:505,5
DA:506,5
DA:508,5
DA:509,5
DA:512,0
DA:519,0
DA:522,0
DA:523,0
DA:531,0
DA:533,0
DA:534,0
DA:535,0
DA:536,0
DA:540,0
DA:541,0
DA:550,0
DA:551,0
DA:552,0
DA:554,0
DA:555,0
DA:557,0
DA:558,0
DA:559,0
DA:562,0
DA:563,0
DA:564,0
DA:567,0
DA:568,0
DA:580,0
DA:581,0
DA:582,0
DA:583,0
DA:585,0
DA:589,0
DA:595,2
DA:596,2
DA:600,1
DA:601,1
DA:605,5
DA:606,5
DA:610,1
DA:611,1
DA:615,3
DA:616,3
LF:217
LH:100
BRDA:40,0,0,0
BRDA:47,1,0,10
BRDA:47,1,1,0
BRDA:48,2,0,10
BRDA:48,2,1,0
BRDA:49,3,0,10
BRDA:49,3,1,0
BRDA:85,4,0,0
BRDA:85,4,1,0
BRDA:94,5,0,0
BRDA:104,6,0,0
BRDA:104,6,1,0
BRDA:117,7,0,1
BRDA:118,8,0,0
BRDA:136,9,0,1
BRDA:136,10,0,2
BRDA:136,10,1,1
BRDA:154,11,0,0
BRDA:154,11,1,0
BRDA:164,12,0,5
BRDA:164,12,1,4
BRDA:190,13,0,0
BRDA:190,13,1,0
BRDA:196,14,0,0
BRDA:196,14,1,0
BRDA:197,15,0,0
BRDA:197,15,1,0
BRDA:210,16,0,1
BRDA:220,17,0,0
BRDA:220,17,1,0
BRDA:221,18,0,0
BRDA:221,18,1,0
BRDA:232,19,0,1
BRDA:233,20,0,0
BRDA:242,21,0,1
BRDA:243,22,0,0
BRDA:252,23,0,0
BRDA:252,23,1,0
BRDA:282,24,0,1
BRDA:282,24,1,0
BRDA:283,25,0,1
BRDA:283,25,1,0
BRDA:297,26,0,0
BRDA:297,26,1,1
BRDA:306,27,0,0
BRDA:323,28,0,0
BRDA:326,29,0,0
BRDA:326,29,1,0
BRDA:326,30,0,0
BRDA:326,30,1,0
BRDA:375,31,0,0
BRDA:375,31,1,0
BRDA:384,32,0,0
BRDA:384,32,1,0
BRDA:390,33,0,0
BRDA:390,33,1,0
BRDA:401,34,0,0
BRDA:409,35,0,0
BRDA:409,35,1,0
BRDA:415,36,0,0
BRDA:415,36,1,0
BRDA:441,37,0,0
BRDA:441,37,1,0
BRDA:453,38,0,0
BRDA:454,39,0,0
BRDA:454,39,1,0
BRDA:472,40,0,0
BRDA:472,40,1,0
BRDA:478,41,0,1
BRDA:478,41,1,0
BRDA:508,42,0,5
BRDA:522,43,0,0
BRDA:534,44,0,0
BRDA:540,45,0,0
BRDA:558,46,0,0
BRDA:567,47,0,0
BRDA:585,48,0,0
BRDA:585,48,1,0
BRDA:616,49,0,3
BRDA:616,49,1,0
BRF:80
BRH:18
end_of_record
TN:
SF:src/data_processing/data-fetcher.ts
FN:16,(anonymous_3)
FN:26,(anonymous_4)
FN:59,(anonymous_5)
FN:82,(anonymous_6)
FN:118,(anonymous_7)
FN:149,(anonymous_8)
FN:194,(anonymous_9)
FN:206,(anonymous_10)
FN:215,(anonymous_11)
FN:224,(anonymous_12)
FN:252,(anonymous_13)
FN:267,(anonymous_14)
FN:278,(anonymous_15)
FN:291,(anonymous_16)
FN:314,(anonymous_17)
FN:316,(anonymous_18)
FN:380,(anonymous_19)
FN:395,(anonymous_20)
FN:404,(anonymous_21)
FNF:19
FNH:5
FNDA:6,(anonymous_3)
FNDA:3,(anonymous_4)
FNDA:0,(anonymous_5)
FNDA:0,(anonymous_6)
FNDA:0,(anonymous_7)
FNDA:2,(anonymous_8)
FNDA:2,(anonymous_9)
FNDA:0,(anonymous_10)
FNDA:0,(anonymous_11)
FNDA:4,(anonymous_12)
FNDA:0,(anonymous_13)
FNDA:0,(anonymous_14)
FNDA:0,(anonymous_15)
FNDA:0,(anonymous_16)
FNDA:0,(anonymous_17)
FNDA:0,(anonymous_18)
FNDA:0,(anonymous_19)
FNDA:0,(anonymous_20)
FNDA:0,(anonymous_21)
DA:6,1
DA:8,1
DA:10,1
DA:12,1
DA:17,6
DA:18,6
DA:26,1
DA:27,3
DA:28,1
DA:29,1
DA:32,2
DA:39,2
DA:42,2
DA:44,2
DA:45,0
DA:47,0
DA:48,0
DA:50,0
DA:51,0
DA:53,0
DA:56,0
DA:59,0
DA:62,0
DA:64,2
DA:65,2
DA:71,2
DA:83,0
DA:87,0
DA:114,0
DA:115,0
DA:118,0
DA:119,0
DA:120,0
DA:121,0
DA:124,0
DA:125,0
DA:126,0
DA:133,0
DA:135,0
DA:142,0
DA:149,1
DA:150,2
DA:152,2
DA:153,2
DA:157,0
DA:159,0
DA:160,0
DA:162,0
DA:165,0
DA:167,0
DA:169,0
DA:176,0
DA:178,2
DA:179,2
DA:185,2
DA:196,2
DA:200,0
DA:209,0
DA:218,0
DA:225,4
DA:227,4
DA:228,0
DA:231,4
DA:241,4
DA:242,4
DA:245,0
DA:246,0
DA:251,0
DA:253,0
DA:257,0
DA:259,0
DA:265,0
DA:268,0
DA:272,0
DA:277,0
DA:279,0
DA:280,0
DA:282,0
DA:289,0
DA:292,0
DA:293,0
DA:295,0
DA:303,0
DA:307,0
DA:308,0
DA:316,0
DA:318,0
DA:377,0
DA:378,0
DA:380,0
DA:396,0
DA:400,0
DA:402,0
DA:403,0
DA:404,0
LF:95
LH:30
BRDA:27,0,0,1
BRDA:42,1,0,2
BRDA:42,1,1,0
BRDA:42,1,2,0
BRDA:42,1,3,0
BRDA:64,2,0,2
BRDA:64,2,1,0
BRDA:120,3,0,0
BRDA:124,4,0,0
BRDA:124,4,1,0
BRDA:157,5,0,0
BRDA:157,5,1,0
BRDA:167,6,0,0
BRDA:167,6,1,0
BRDA:173,7,0,0
BRDA:173,7,1,0
BRDA:178,8,0,2
BRDA:178,8,1,0
BRDA:227,9,0,0
BRDA:241,10,0,4
BRDA:245,11,0,0
BRDA:270,12,0,0
BRDA:270,12,1,0
BRDA:279,13,0,0
BRDA:279,13,1,0
BRDA:292,14,0,0
BRDA:292,14,1,0
BRDA:299,15,0,0
BRDA:299,15,1,0
BRDA:396,16,0,0
BRDA:402,17,0,0
BRDA:26,18,0,0
BRDA:26,18,1,1
BRDA:26,19,0,1
BRDA:26,19,1,0
BRDA:26,20,0,1
BRDA:26,20,1,0
BRDA:26,21,0,1
BRDA:26,21,1,1
BRDA:149,22,0,0
BRDA:149,22,1,1
BRDA:149,23,0,1
BRDA:149,23,1,0
BRDA:149,24,0,1
BRDA:149,24,1,0
BRDA:149,25,0,1
BRDA:149,25,1,1
BRF:47
BRH:15
end_of_record
TN:
SF:src/data_processing/data-processor.ts
FN:14,(anonymous_0)
FN:22,(anonymous_1)
FN:25,(anonymous_2)
FN:33,(anonymous_3)
FN:36,(anonymous_4)
FN:75,(anonymous_5)
FN:113,(anonymous_6)
FN:128,(anonymous_7)
FN:148,(anonymous_8)
FN:162,(anonymous_9)
FN:175,(anonymous_10)
FN:208,(anonymous_11)
FN:214,(anonymous_12)
FN:247,(anonymous_13)
FN:250,(anonymous_14)
FN:270,(anonymous_15)
FN:299,(anonymous_16)
FN:302,(anonymous_17)
FN:322,(anonymous_18)
FN:331,(anonymous_19)
FN:332,(anonymous_20)
FN:341,(anonymous_21)
FN:342,(anonymous_22)
FN:351,(anonymous_23)
FN:354,(anonymous_24)
FN:361,(anonymous_25)
FN:364,(anonymous_26)
FN:382,(anonymous_27)
FN:386,(anonymous_28)
FN:388,(anonymous_29)
FN:406,(anonymous_30)
FN:407,(anonymous_31)
FN:413,(anonymous_32)
FN:440,(anonymous_33)
FN:445,(anonymous_34)
FN:450,(anonymous_35)
FN:462,(anonymous_36)
FN:507,(anonymous_37)
FN:511,(anonymous_38)
FN:522,(anonymous_39)
FN:528,(anonymous_40)
FNF:41
FNH:37
FNDA:12,(anonymous_0)
FNDA:4,(anonymous_1)
FNDA:5,(anonymous_2)
FNDA:5,(anonymous_3)
FNDA:5,(anonymous_4)
FNDA:2,(anonymous_5)
FNDA:1,(anonymous_6)
FNDA:2,(anonymous_7)
FNDA:0,(anonymous_8)
FNDA:2,(anonymous_9)
FNDA:2,(anonymous_10)
FNDA:2,(anonymous_11)
FNDA:2,(anonymous_12)
FNDA:4,(anonymous_13)
FNDA:5,(anonymous_14)
FNDA:1,(anonymous_15)
FNDA:2,(anonymous_16)
FNDA:2,(anonymous_17)
FNDA:2,(anonymous_18)
FNDA:2,(anonymous_19)
FNDA:2,(anonymous_20)
FNDA:2,(anonymous_21)
FNDA:2,(anonymous_22)
FNDA:0,(anonymous_23)
FNDA:0,(anonymous_24)
FNDA:4,(anonymous_25)
FNDA:2,(anonymous_26)
FNDA:2,(anonymous_27)
FNDA:1,(anonymous_28)
FNDA:1,(anonymous_29)
FNDA:2,(anonymous_30)
FNDA:0,(anonymous_31)
FNDA:7,(anonymous_32)
FNDA:2,(anonymous_33)
FNDA:2,(anonymous_34)
FNDA:2,(anonymous_35)
FNDA:2,(anonymous_36)
FNDA:5,(anonymous_37)
FNDA:5,(anonymous_38)
FNDA:5,(anonymous_39)
FNDA:5,(anonymous_40)
DA:9,1
DA:11,1
DA:15,12
DA:23,4
DA:25,5
DA:28,4
DA:29,4
DA:30,4
DA:33,4
DA:34,5
DA:36,5
DA:37,5
DA:38,5
DA:40,5
DA:42,4
DA:48,1
DA:49,1
DA:54,4
DA:56,4
DA:61,4
DA:63,0
DA:64,0
DA:65,0
DA:76,2
DA:78,2
DA:80,2
DA:82,2
DA:83,2
DA:86,2
DA:87,2
DA:90,2
DA:91,2
DA:92,0
DA:101,2
DA:102,2
DA:103,0
DA:111,2
DA:113,1
DA:116,2
DA:118,0
DA:119,0
DA:121,0
DA:129,2
DA:131,2
DA:133,2
DA:135,2
DA:136,2
DA:139,2
DA:140,2
DA:143,2
DA:144,2
DA:146,2
DA:148,0
DA:151,2
DA:153,0
DA:154,0
DA:155,0
DA:166,2
DA:168,2
DA:169,2
DA:170,0
DA:171,0
DA:175,2
DA:176,2
DA:177,2
DA:181,2
DA:182,2
DA:184,2
DA:186,2
DA:187,1
DA:192,1
DA:195,2
DA:197,0
DA:198,0
DA:199,0
DA:200,0
DA:201,0
DA:209,2
DA:211,2
DA:213,2
DA:214,2
DA:215,2
DA:216,2
DA:217,2
DA:219,0
DA:220,0
DA:227,2
DA:233,2
DA:235,0
DA:236,0
DA:238,0
DA:248,4
DA:250,4
DA:252,5
DA:255,5
DA:258,5
DA:261,5
DA:264,4
DA:276,1
DA:277,1
DA:278,1
DA:280,1
DA:300,2
DA:302,2
DA:305,1
DA:306,1
DA:307,1
DA:309,1
DA:311,1
DA:325,2
DA:332,2
DA:333,2
DA:342,2
DA:343,2
DA:352,0
DA:354,0
DA:355,0
DA:362,4
DA:364,4
DA:365,2
DA:366,0
DA:376,4
DA:383,2
DA:386,2
DA:388,2
DA:389,1
DA:390,0
DA:400,2
DA:407,2
DA:414,7
DA:417,7
DA:418,7
DA:419,7
DA:422,7
DA:423,7
DA:424,7
DA:427,7
DA:428,7
DA:429,7
DA:430,1
DA:434,7
DA:441,2
DA:444,2
DA:445,2
DA:446,2
DA:447,2
DA:450,2
DA:451,2
DA:452,0
DA:456,2
DA:463,2
DA:466,2
DA:467,2
DA:471,2
DA:472,2
DA:476,2
DA:477,2
DA:478,2
DA:479,2
DA:480,2
DA:483,2
DA:484,2
DA:485,2
DA:486,2
DA:487,2
DA:490,2
DA:491,1
DA:492,1
DA:493,1
DA:494,1
DA:501,2
DA:508,5
DA:510,5
DA:511,5
DA:512,5
DA:513,5
DA:516,5
DA:523,5
DA:525,5
DA:526,5
DA:528,5
DA:529,5
DA:530,5
DA:531,5
DA:532,5
DA:533,5
DA:535,5
DA:536,5
DA:544,5
LF:189
LH:159
BRDA:34,0,0,5
BRDA:34,0,1,0
BRDA:40,1,0,4
BRDA:40,1,1,1
BRDA:63,2,0,0
BRDA:63,2,1,0
BRDA:83,3,0,1
BRDA:87,4,0,0
BRDA:91,5,0,0
BRDA:102,6,0,0
BRDA:118,7,0,0
BRDA:118,7,1,0
BRDA:153,8,0,0
BRDA:153,8,1,0
BRDA:169,9,0,0
BRDA:169,10,0,2
BRDA:169,10,1,2
BRDA:186,11,0,1
BRDA:186,11,1,1
BRDA:197,12,0,0
BRDA:197,12,1,0
BRDA:219,13,0,0
BRDA:219,13,1,0
BRDA:235,14,0,0
BRDA:235,14,1,0
BRDA:282,15,0,1
BRDA:282,15,1,0
BRDA:300,16,0,1
BRDA:305,17,0,0
BRDA:305,17,1,1
BRDA:306,18,0,0
BRDA:306,18,1,1
BRDA:333,19,0,2
BRDA:333,19,1,0
BRDA:343,20,0,2
BRDA:343,20,1,0
BRDA:352,21,0,0
BRDA:365,22,0,0
BRDA:367,23,0,0
BRDA:367,23,1,0
BRDA:368,24,0,0
BRDA:368,24,1,0
BRDA:369,25,0,0
BRDA:369,25,1,0
BRDA:389,26,0,0
BRDA:392,27,0,0
BRDA:392,27,1,0
BRDA:417,28,0,1
BRDA:418,29,0,0
BRDA:418,30,0,7
BRDA:418,30,1,0
BRDA:419,31,0,0
BRDA:422,32,0,1
BRDA:423,33,0,1
BRDA:424,34,0,1
BRDA:427,35,0,7
BRDA:429,36,0,1
BRDA:446,37,0,2
BRDA:446,37,1,2
BRDA:451,38,0,0
BRDA:466,39,0,2
BRDA:471,40,0,2
BRDA:483,41,0,1
BRDA:484,42,0,1
BRDA:485,43,0,1
BRDA:486,44,0,1
BRDA:487,45,0,1
BRDA:490,46,0,1
BRDA:493,47,0,1
BRDA:508,48,0,0
BRDA:513,49,0,5
BRDA:523,50,0,0
BRDA:529,51,0,5
BRDA:532,52,0,5
BRF:74
BRH:35
end_of_record
TN:
SF:src/data_processing/data-service.ts
FN:35,(anonymous_0)
FN:65,(anonymous_1)
FN:82,(anonymous_2)
FN:99,(anonymous_3)
FN:214,(anonymous_4)
FN:257,(anonymous_5)
FN:315,(anonymous_6)
FN:316,(anonymous_7)
FN:326,(anonymous_8)
FN:332,(anonymous_9)
FN:355,(anonymous_10)
FN:362,(anonymous_11)
FN:372,(anonymous_12)
FN:381,(anonymous_13)
FN:396,(anonymous_14)
FN:404,(anonymous_15)
FN:405,(anonymous_16)
FN:411,(anonymous_17)
FN:419,(anonymous_18)
FN:435,(anonymous_19)
FN:450,(anonymous_20)
FN:461,(anonymous_21)
FN:483,(anonymous_22)
FNF:23
FNH:0
FNDA:0,(anonymous_0)
FNDA:0,(anonymous_1)
FNDA:0,(anonymous_2)
FNDA:0,(anonymous_3)
FNDA:0,(anonymous_4)
FNDA:0,(anonymous_5)
FNDA:0,(anonymous_6)
FNDA:0,(anonymous_7)
FNDA:0,(anonymous_8)
FNDA:0,(anonymous_9)
FNDA:0,(anonymous_10)
FNDA:0,(anonymous_11)
FNDA:0,(anonymous_12)
FNDA:0,(anonymous_13)
FNDA:0,(anonymous_14)
FNDA:0,(anonymous_15)
FNDA:0,(anonymous_16)
FNDA:0,(anonymous_17)
FNDA:0,(anonymous_18)
FNDA:0,(anonymous_19)
FNDA:0,(anonymous_20)
FNDA:0,(anonymous_21)
FNDA:0,(anonymous_22)
DA:14,0
DA:15,0
DA:16,0
DA:18,0
DA:20,0
DA:36,0
DA:37,0
DA:39,0
DA:40,0
DA:41,0
DA:47,0
DA:56,0
DA:66,0
DA:67,0
DA:68,0
DA:70,0
DA:73,0
DA:83,0
DA:84,0
DA:85,0
DA:87,0
DA:90,0
DA:103,0
DA:104,0
DA:106,0
DA:113,0
DA:115,0
DA:117,0
DA:118,0
DA:119,0
DA:120,0
DA:121,0
DA:126,0
DA:127,0
DA:129,0
DA:133,0
DA:136,0
DA:139,0
DA:142,0
DA:145,0
DA:148,0
DA:149,0
DA:150,0
DA:157,0
DA:160,0
DA:163,0
DA:171,0
DA:173,0
DA:181,0
DA:182,0
DA:184,0
DA:191,0
DA:192,0
DA:193,0
DA:194,0
DA:195,0
DA:196,0
DA:203,0
DA:215,0
DA:217,0
DA:219,0
DA:221,0
DA:222,0
DA:224,0
DA:225,0
DA:227,0
DA:228,0
DA:230,0
DA:231,0
DA:234,0
DA:238,0
DA:242,0
DA:248,0
DA:249,0
DA:250,0
DA:268,0
DA:270,0
DA:272,0
DA:273,0
DA:274,0
DA:276,0
DA:283,0
DA:284,0
DA:291,0
DA:299,0
DA:300,0
DA:314,0
DA:315,0
DA:316,0
DA:320,0
DA:327,0
DA:328,0
DA:332,0
DA:333,0
DA:338,0
DA:341,0
DA:356,0
DA:363,0
DA:364,0
DA:373,0
DA:374,0
DA:375,0
DA:382,0
DA:383,0
DA:384,0
DA:385,0
DA:387,0
DA:389,0
DA:400,0
DA:401,0
DA:404,0
DA:405,0
DA:417,0
DA:419,0
DA:420,0
DA:423,0
DA:436,0
DA:438,0
DA:439,0
DA:441,0
DA:442,0
DA:445,0
DA:446,0
DA:450,0
DA:451,0
DA:462,0
DA:463,0
DA:469,0
DA:470,0
DA:476,0
DA:477,0
DA:483,0
DA:484,0
DA:485,0
DA:491,0
DA:492,0
LF:136
LH:0
BRDA:35,0,0,0
BRDA:71,1,0,0
BRDA:71,1,1,0
BRDA:73,2,0,0
BRDA:73,2,1,0
BRDA:88,3,0,0
BRDA:88,3,1,0
BRDA:90,4,0,0
BRDA:90,4,1,0
BRDA:101,5,0,0
BRDA:117,6,0,0
BRDA:119,7,0,0
BRDA:149,8,0,0
BRDA:185,9,0,0
BRDA:185,9,1,0
BRDA:191,10,0,0
BRDA:194,11,0,0
BRDA:203,12,0,0
BRDA:203,12,1,0
BRDA:228,13,0,0
BRDA:236,14,0,0
BRDA:236,14,1,0
BRDA:248,15,0,0
BRDA:248,15,1,0
BRDA:278,16,0,0
BRDA:278,16,1,0
BRDA:280,17,0,0
BRDA:280,17,1,0
BRDA:283,18,0,0
BRDA:283,18,1,0
BRDA:299,19,0,0
BRDA:328,20,0,0
BRDA:328,20,1,0
BRDA:384,21,0,0
BRDA:400,22,0,0
BRDA:428,23,0,0
BRDA:428,23,1,0
BRDA:441,24,0,0
BRDA:445,25,0,0
BRDA:462,26,0,0
BRDA:469,27,0,0
BRDA:476,28,0,0
BRDA:484,29,0,0
BRDA:491,30,0,0
BRF:44
BRH:0
end_of_record
TN:
SF:src/data_processing/index.ts
FN:10,(anonymous_4)
FN:11,(anonymous_5)
FN:12,(anonymous_6)
FN:13,(anonymous_7)
FN:26,createDataService
FNF:5
FNH:0
FNDA:0,(anonymous_4)
FNDA:0,(anonymous_5)
FNDA:0,(anonymous_6)
FNDA:0,(anonymous_7)
FNDA:0,createDataService
DA:7,0
DA:10,0
DA:11,0
DA:12,0
DA:13,0
DA:16,0
DA:20,0
DA:26,0
DA:30,0
DA:36,0
LF:10
LH:0
BRDA:28,0,0,0
BRF:1
BRH:0
end_of_record
TN:
SF:src/data_processing/utils/index.ts
FN:8,formatCurrencyPrice
FN:23,formatPercentageChange
FN:31,formatMarketCap
FN:46,formatVolume
FN:61,getPriceChangeColor
FN:72,getTrendIcon
FN:90,getAnomalyIcon
FN:103,generateCacheKey
FN:105,(anonymous_8)
FN:113,simpleHash
FN:126,delay
FN:127,(anonymous_11)
FN:133,retry
FN:161,processBatch
FN:172,(anonymous_14)
FN:192,deduplicate
FN:213,sortData
FN:218,(anonymous_17)
FN:228,filterData
FN:240,calculateStatistics
FN:251,(anonymous_20)
FN:254,(anonymous_21)
FN:260,(anonymous_22)
FNF:23
FNH:0
FNDA:0,formatCurrencyPrice
FNDA:0,formatPercentageChange
FNDA:0,formatMarketCap
FNDA:0,formatVolume
FNDA:0,getPriceChangeColor
FNDA:0,getTrendIcon
FNDA:0,getAnomalyIcon
FNDA:0,generateCacheKey
FNDA:0,(anonymous_8)
FNDA:0,simpleHash
FNDA:0,delay
FNDA:0,(anonymous_11)
FNDA:0,retry
FNDA:0,processBatch
FNDA:0,(anonymous_14)
FNDA:0,deduplicate
FNDA:0,sortData
FNDA:0,(anonymous_17)
FNDA:0,filterData
FNDA:0,calculateStatistics
FNDA:0,(anonymous_20)
FNDA:0,(anonymous_21)
FNDA:0,(anonymous_22)
DA:8,0
DA:9,0
DA:10,0
DA:11,0
DA:12,0
DA:13,0
DA:14,0
DA:16,0
DA:23,0
DA:24,0
DA:25,0
DA:31,0
DA:32,0
DA:33,0
DA:34,0
DA:35,0
DA:36,0
DA:37,0
DA:39,0
DA:46,0
DA:47,0
DA:48,0
DA:49,0
DA:50,0
DA:51,0
DA:52,0
DA:54,0
DA:61,0
DA:62,0
DA:63,0
DA:64,0
DA:65,0
DA:66,0
DA:72,0
DA:73,0
DA:74,0
DA:75,0
DA:76,0
DA:77,0
DA:78,0
DA:79,0
DA:80,0
DA:81,0
DA:82,0
DA:84,0
DA:90,0
DA:91,0
DA:92,0
DA:93,0
DA:94,0
DA:95,0
DA:96,0
DA:103,0
DA:104,0
DA:105,0
DA:106,0
DA:107,0
DA:113,0
DA:114,0
DA:115,0
DA:116,0
DA:117,0
DA:118,0
DA:120,0
DA:126,0
DA:127,0
DA:133,0
DA:140,0
DA:141,0
DA:142,0
DA:144,0
DA:146,0
DA:147,0
DA:152,0
DA:153,0
DA:155,0
DA:161,0
DA:166,0
DA:168,0
DA:169,0
DA:170,0
DA:172,0
DA:173,0
DA:174,0
DA:176,0
DA:181,0
DA:182,0
DA:186,0
DA:192,0
DA:196,0
DA:197,0
DA:199,0
DA:200,0
DA:201,0
DA:202,0
DA:203,0
DA:207,0
DA:213,0
DA:218,0
DA:219,0
DA:220,0
DA:221,0
DA:228,0
DA:233,0
DA:234,0
DA:240,0
DA:247,0
DA:248,0
DA:251,0
DA:252,0
DA:253,0
DA:254,0
DA:256,0
DA:260,0
DA:261,0
DA:263,0
LF:116
LH:0
BRDA:9,0,0,0
BRDA:9,0,1,0
BRDA:11,1,0,0
BRDA:11,1,1,0
BRDA:13,2,0,0
BRDA:13,2,1,0
BRDA:24,3,0,0
BRDA:24,3,1,0
BRDA:32,4,0,0
BRDA:32,4,1,0
BRDA:34,5,0,0
BRDA:34,5,1,0
BRDA:36,6,0,0
BRDA:36,6,1,0
BRDA:47,7,0,0
BRDA:47,7,1,0
BRDA:49,8,0,0
BRDA:49,8,1,0
BRDA:51,9,0,0
BRDA:51,9,1,0
BRDA:62,10,0,0
BRDA:63,11,0,0
BRDA:64,12,0,0
BRDA:65,13,0,0
BRDA:73,14,0,0
BRDA:73,14,1,0
BRDA:74,15,0,0
BRDA:75,16,0,0
BRDA:76,17,0,0
BRDA:78,18,0,0
BRDA:79,19,0,0
BRDA:80,20,0,0
BRDA:81,21,0,0
BRDA:91,22,0,0
BRDA:91,22,1,0
BRDA:91,22,2,0
BRDA:91,22,3,0
BRDA:91,22,4,0
BRDA:135,23,0,0
BRDA:136,24,0,0
BRDA:146,25,0,0
BRDA:152,26,0,0
BRDA:164,27,0,0
BRDA:173,28,0,0
BRDA:173,28,1,0
BRDA:181,29,0,0
BRDA:201,30,0,0
BRDA:216,31,0,0
BRDA:221,32,0,0
BRDA:221,32,1,0
BRDA:234,33,0,0
BRDA:234,33,1,0
BRDA:247,34,0,0
BRDA:256,35,0,0
BRDA:256,35,1,0
BRF:55
BRH:0
end_of_record
TN:
SF:src/mcp_service/client.ts
FN:42,(anonymous_3)
FN:67,(anonymous_4)
FN:74,(anonymous_5)
FN:83,(anonymous_6)
FN:94,(anonymous_7)
FN:104,(anonymous_8)
FN:135,(anonymous_9)
FN:175,(anonymous_10)
FN:195,(anonymous_11)
FN:201,(anonymous_12)
FN:263,(anonymous_13)
FN:323,(anonymous_14)
FN:360,(anonymous_15)
FN:373,(anonymous_16)
FN:388,(anonymous_17)
FNF:15
FNH:0
FNDA:0,(anonymous_3)
FNDA:0,(anonymous_4)
FNDA:0,(anonymous_5)
FNDA:0,(anonymous_6)
FNDA:0,(anonymous_7)
FNDA:0,(anonymous_8)
FNDA:0,(anonymous_9)
FNDA:0,(anonymous_10)
FNDA:0,(anonymous_11)
FNDA:0,(anonymous_12)
FNDA:0,(anonymous_13)
FNDA:0,(anonymous_14)
FNDA:0,(anonymous_15)
FNDA:0,(anonymous_16)
FNDA:0,(anonymous_17)
DA:6,0
DA:8,0
DA:14,0
DA:22,0
DA:29,0
DA:34,0
DA:48,0
DA:50,0
DA:51,0
DA:52,0
DA:55,0
DA:66,0
DA:68,0
DA:69,0
DA:72,0
DA:75,0
DA:76,0
DA:77,0
DA:82,0
DA:84,0
DA:85,0
DA:88,0
DA:89,0
DA:93,0
DA:94,0
DA:97,0
DA:102,0
DA:105,0
DA:106,0
DA:111,0
DA:115,0
DA:123,0
DA:127,0
DA:135,0
DA:136,0
DA:137,0
DA:140,0
DA:142,0
DA:143,0
DA:149,0
DA:154,0
DA:157,0
DA:163,0
DA:164,0
DA:166,0
DA:171,0
DA:176,0
DA:177,0
DA:182,0
DA:187,0
DA:189,0
DA:191,0
DA:196,0
DA:201,0
DA:205,0
DA:207,0
DA:210,0
DA:212,0
DA:218,0
DA:221,0
DA:229,0
DA:230,0
DA:233,0
DA:234,0
DA:237,0
DA:238,0
DA:241,0
DA:246,0
DA:248,0
DA:249,0
DA:251,0
DA:257,0
DA:263,0
DA:264,0
DA:266,0
DA:269,0
DA:271,0
DA:277,0
DA:280,0
DA:300,0
DA:306,0
DA:308,0
DA:309,0
DA:311,0
DA:317,0
DA:323,0
DA:324,0
DA:326,0
DA:329,0
DA:331,0
DA:338,0
DA:340,0
DA:345,0
DA:346,0
DA:348,0
DA:355,0
DA:360,0
DA:361,0
DA:362,0
DA:363,0
DA:365,0
DA:366,0
DA:374,0
DA:389,0
DA:396,0
LF:105
LH:0
BRDA:84,0,0,0
BRDA:84,0,1,0
BRDA:88,1,0,0
BRDA:108,2,0,0
BRDA:108,2,1,0
BRDA:111,3,0,0
BRDA:111,3,1,0
BRDA:142,4,0,0
BRDA:142,4,1,0
BRDA:150,5,0,0
BRDA:150,5,1,0
BRDA:203,6,0,0
BRDA:229,7,0,0
BRDA:229,8,0,0
BRDA:229,8,1,0
BRDA:233,9,0,0
BRDA:233,10,0,0
BRDA:233,10,1,0
BRDA:237,11,0,0
BRDA:237,12,0,0
BRDA:237,12,1,0
BRDA:263,13,0,0
BRDA:286,14,0,0
BRDA:286,14,1,0
BRDA:287,15,0,0
BRDA:287,15,1,0
BRDA:288,16,0,0
BRDA:288,16,1,0
BRDA:293,17,0,0
BRDA:293,17,1,0
BRDA:296,18,0,0
BRDA:296,18,1,0
BRDA:377,19,0,0
BRDA:377,19,1,0
BRDA:135,20,0,0
BRDA:135,20,1,0
BRDA:135,21,0,0
BRDA:135,21,1,0
BRDA:204,22,0,0
BRDA:204,22,1,0
BRDA:204,23,0,0
BRDA:204,23,1,0
BRDA:263,24,0,0
BRDA:263,24,1,0
BRDA:263,25,0,0
BRDA:263,25,1,0
BRDA:263,26,0,0
BRDA:263,26,1,0
BRDA:263,27,0,0
BRDA:263,27,1,0
BRDA:323,28,0,0
BRDA:323,28,1,0
BRDA:323,29,0,0
BRDA:323,29,1,0
BRDA:323,30,0,0
BRDA:323,30,1,0
BRDA:323,31,0,0
BRDA:323,31,1,0
BRDA:360,32,0,0
BRDA:360,32,1,0
BRDA:360,33,0,0
BRDA:360,33,1,0
BRF:62
BRH:0
end_of_record
TN:
SF:src/mcp_service/error-handler.ts
FN:11,(anonymous_0)
FN:18,(anonymous_1)
FN:62,(anonymous_2)
FN:74,(anonymous_3)
FN:107,(anonymous_4)
FN:143,(anonymous_5)
FN:150,(anonymous_6)
FN:185,(anonymous_7)
FNF:8
FNH:0
FNDA:0,(anonymous_0)
FNDA:0,(anonymous_1)
FNDA:0,(anonymous_2)
FNDA:0,(anonymous_3)
FNDA:0,(anonymous_4)
FNDA:0,(anonymous_5)
FNDA:0,(anonymous_6)
FNDA:0,(anonymous_7)
DA:7,0
DA:10,0
DA:12,0
DA:20,0
DA:21,0
DA:24,0
DA:25,0
DA:27,0
DA:28,0
DA:33,0
DA:34,0
DA:40,0
DA:41,0
DA:46,0
DA:47,0
DA:56,0
DA:63,0
DA:75,0
DA:80,0
DA:83,0
DA:85,0
DA:86,0
DA:90,0
DA:91,0
DA:95,0
DA:97,0
DA:98,0
DA:100,0
DA:104,0
DA:109,0
DA:112,0
DA:114,0
DA:115,0
DA:119,0
DA:120,0
DA:124,0
DA:125,0
DA:130,0
DA:131,0
DA:134,0
DA:135,0
DA:137,0
DA:144,0
DA:151,0
DA:152,0
DA:153,0
DA:155,0
DA:156,0
DA:158,0
DA:161,0
DA:162,0
DA:163,0
DA:165,0
DA:166,0
DA:168,0
DA:171,0
DA:172,0
DA:175,0
DA:176,0
DA:179,0
DA:186,0
DA:197,0
DA:200,0
DA:201,0
DA:202,0
DA:205,0
DA:206,0
DA:209,0
DA:210,0
DA:214,0
LF:70
LH:0
BRDA:20,0,0,0
BRDA:24,1,0,0
BRDA:24,1,1,0
BRDA:27,2,0,0
BRDA:27,2,1,0
BRDA:27,3,0,0
BRDA:27,3,1,0
BRDA:33,4,0,0
BRDA:40,5,0,0
BRDA:40,5,1,0
BRDA:46,6,0,0
BRDA:46,7,0,0
BRDA:46,7,1,0
BRDA:83,8,0,0
BRDA:85,9,0,0
BRDA:90,10,0,0
BRDA:95,11,0,0
BRDA:95,12,0,0
BRDA:95,12,1,0
BRDA:95,12,2,0
BRDA:97,13,0,0
BRDA:112,14,0,0
BRDA:114,15,0,0
BRDA:119,16,0,0
BRDA:124,17,0,0
BRDA:151,18,0,0
BRDA:152,19,0,0
BRDA:155,20,0,0
BRDA:161,21,0,0
BRDA:162,22,0,0
BRDA:165,23,0,0
BRDA:165,24,0,0
BRDA:165,24,1,0
BRDA:171,25,0,0
BRDA:175,26,0,0
BRDA:197,27,0,0
BRDA:197,27,1,0
BRDA:200,28,0,0
BRDA:201,29,0,0
BRDA:205,30,0,0
BRDA:209,31,0,0
BRF:41
BRH:0
end_of_record
TN:
SF:src/mcp_service/index.ts
FN:28,(anonymous_0)
FN:55,(anonymous_1)
FN:74,(anonymous_2)
FN:86,(anonymous_3)
FN:98,(anonymous_4)
FN:103,(anonymous_5)
FN:133,(anonymous_6)
FN:160,(anonymous_7)
FN:185,(anonymous_8)
FN:204,(anonymous_9)
FN:208,(anonymous_10)
FN:227,(anonymous_11)
FN:237,(anonymous_12)
FN:255,(anonymous_13)
FN:308,(anonymous_14)
FN:350,(anonymous_15)
FN:374,(anonymous_16)
FN:383,(anonymous_17)
FN:401,(anonymous_18)
FN:416,getMCPService
FN:423,destroyMCPService
FNF:21
FNH:0
FNDA:0,(anonymous_0)
FNDA:0,(anonymous_1)
FNDA:0,(anonymous_2)
FNDA:0,(anonymous_3)
FNDA:0,(anonymous_4)
FNDA:0,(anonymous_5)
FNDA:0,(anonymous_6)
FNDA:0,(anonymous_7)
FNDA:0,(anonymous_8)
FNDA:0,(anonymous_9)
FNDA:0,(anonymous_10)
FNDA:0,(anonymous_11)
FNDA:0,(anonymous_12)
FNDA:0,(anonymous_13)
FNDA:0,(anonymous_14)
FNDA:0,(anonymous_15)
FNDA:0,(anonymous_16)
FNDA:0,(anonymous_17)
FNDA:0,(anonymous_18)
FNDA:0,getMCPService
FNDA:0,destroyMCPService
DA:7,0
DA:8,0
DA:9,0
DA:10,0
DA:11,0
DA:20,0
DA:26,0
DA:30,0
DA:33,0
DA:36,0
DA:37,0
DA:40,0
DA:48,0
DA:49,0
DA:56,0
DA:57,0
DA:58,0
DA:59,0
DA:61,0
DA:64,0
DA:75,0
DA:77,0
DA:78,0
DA:79,0
DA:81,0
DA:82,0
DA:87,0
DA:89,0
DA:90,0
DA:91,0
DA:93,0
DA:99,0
DA:100,0
DA:107,0
DA:109,0
DA:110,0
DA:115,0
DA:117,0
DA:122,0
DA:124,0
DA:129,0
DA:134,0
DA:136,0
DA:137,0
DA:142,0
DA:144,0
DA:150,0
DA:152,0
DA:156,0
DA:161,0
DA:163,0
DA:164,0
DA:169,0
DA:171,0
DA:176,0
DA:181,0
DA:186,0
DA:188,0
DA:189,0
DA:191,0
DA:192,0
DA:194,0
DA:197,0
DA:199,0
DA:200,0
DA:205,0
DA:209,0
DA:211,0
DA:214,0
DA:222,0
DA:233,0
DA:234,0
DA:238,0
DA:241,0
DA:249,0
DA:261,0
DA:268,0
DA:270,0
DA:277,0
DA:279,0
DA:282,0
DA:285,0
DA:286,0
DA:289,0
DA:295,0
DA:297,0
DA:301,0
DA:313,0
DA:315,0
DA:322,0
DA:327,0
DA:328,0
DA:330,0
DA:331,0
DA:335,0
DA:341,0
DA:342,0
DA:344,0
DA:349,0
DA:350,0
DA:353,0
DA:359,0
DA:363,0
DA:368,0
DA:375,0
DA:376,0
DA:384,0
DA:387,0
DA:388,0
DA:390,0
DA:395,0
DA:402,0
DA:403,0
DA:404,0
DA:405,0
DA:407,0
DA:408,0
DA:414,0
DA:416,0
DA:417,0
DA:418,0
DA:420,0
DA:423,0
DA:424,0
DA:425,0
DA:426,0
LF:126
LH:0
BRDA:30,0,0,0
BRDA:30,0,1,0
BRDA:105,1,0,0
BRDA:119,2,0,0
BRDA:119,2,1,0
BRDA:133,3,0,0
BRDA:191,4,0,0
BRDA:191,4,1,0
BRDA:265,5,0,0
BRDA:266,6,0,0
BRDA:274,7,0,0
BRDA:274,7,1,0
BRDA:285,8,0,0
BRDA:299,9,0,0
BRDA:299,9,1,0
BRDA:310,10,0,0
BRDA:311,11,0,0
BRDA:349,12,0,0
BRDA:375,13,0,0
BRDA:417,14,0,0
BRDA:424,15,0,0
BRF:21
BRH:0
end_of_record
TN:
SF:src/mcp_service/request-builder.ts
FN:10,(anonymous_0)
FN:19,(anonymous_1)
FN:45,(anonymous_2)
FN:90,(anonymous_3)
FN:124,(anonymous_4)
FN:156,(anonymous_5)
FN:179,(anonymous_6)
FN:196,(anonymous_7)
FN:219,(anonymous_8)
FN:237,(anonymous_9)
FN:245,(anonymous_10)
FN:253,(anonymous_11)
FN:271,(anonymous_12)
FN:287,(anonymous_13)
FN:310,(anonymous_14)
FN:323,(anonymous_15)
FN:337,(anonymous_16)
FN:361,(anonymous_17)
FN:406,(anonymous_18)
FN:423,(anonymous_19)
FN:434,(anonymous_20)
FN:443,(anonymous_21)
FN:458,(anonymous_22)
FN:477,(anonymous_23)
FNF:24
FNH:0
FNDA:0,(anonymous_0)
FNDA:0,(anonymous_1)
FNDA:0,(anonymous_2)
FNDA:0,(anonymous_3)
FNDA:0,(anonymous_4)
FNDA:0,(anonymous_5)
FNDA:0,(anonymous_6)
FNDA:0,(anonymous_7)
FNDA:0,(anonymous_8)
FNDA:0,(anonymous_9)
FNDA:0,(anonymous_10)
FNDA:0,(anonymous_11)
FNDA:0,(anonymous_12)
FNDA:0,(anonymous_13)
FNDA:0,(anonymous_14)
FNDA:0,(anonymous_15)
FNDA:0,(anonymous_16)
FNDA:0,(anonymous_17)
FNDA:0,(anonymous_18)
FNDA:0,(anonymous_19)
FNDA:0,(anonymous_20)
FNDA:0,(anonymous_21)
FNDA:0,(anonymous_22)
FNDA:0,(anonymous_23)
DA:7,0
DA:9,0
DA:12,0
DA:13,0
DA:16,0
DA:19,0
DA:42,0
DA:47,0
DA:48,0
DA:51,0
DA:87,0
DA:92,0
DA:93,0
DA:96,0
DA:121,0
DA:125,0
DA:126,0
DA:130,0
DA:131,0
DA:134,0
DA:135,0
DA:138,0
DA:139,0
DA:142,0
DA:143,0
DA:146,0
DA:147,0
DA:150,0
DA:151,0
DA:157,0
DA:158,0
DA:164,0
DA:165,0
DA:171,0
DA:172,0
DA:179,0
DA:180,0
DA:181,0
DA:187,0
DA:188,0
DA:197,0
DA:198,0
DA:204,0
DA:211,0
DA:212,0
DA:220,0
DA:221,0
DA:224,0
DA:225,0
DA:228,0
DA:229,0
DA:232,0
DA:233,0
DA:238,0
DA:239,0
DA:242,0
DA:243,0
DA:245,0
DA:246,0
DA:254,0
DA:255,0
DA:258,0
DA:259,0
DA:262,0
DA:263,0
DA:266,0
DA:267,0
DA:272,0
DA:273,0
DA:276,0
DA:278,0
DA:279,0
DA:288,0
DA:307,0
DA:311,0
DA:320,0
DA:324,0
DA:333,0
DA:339,0
DA:341,0
DA:346,0
DA:352,0
DA:354,0
DA:362,0
DA:403,0
DA:407,0
DA:410,0
DA:411,0
DA:414,0
DA:415,0
DA:416,0
DA:417,0
DA:421,0
DA:422,0
DA:423,0
DA:424,0
DA:425,0
DA:426,0
DA:427,0
DA:432,0
DA:433,0
DA:434,0
DA:435,0
DA:437,0
DA:441,0
DA:442,0
DA:443,0
DA:444,0
DA:449,0
DA:450,0
DA:451,0
DA:452,0
DA:453,0
DA:455,0
DA:460,0
DA:478,0
LF:116
LH:0
BRDA:58,0,0,0
BRDA:58,0,1,0
BRDA:125,1,0,0
BRDA:130,2,0,0
BRDA:134,3,0,0
BRDA:138,4,0,0
BRDA:142,5,0,0
BRDA:146,6,0,0
BRDA:150,7,0,0
BRDA:157,8,0,0
BRDA:164,9,0,0
BRDA:171,10,0,0
BRDA:180,11,0,0
BRDA:187,12,0,0
BRDA:197,13,0,0
BRDA:211,14,0,0
BRDA:220,15,0,0
BRDA:224,16,0,0
BRDA:228,17,0,0
BRDA:228,18,0,0
BRDA:228,18,1,0
BRDA:232,19,0,0
BRDA:232,20,0,0
BRDA:232,20,1,0
BRDA:238,21,0,0
BRDA:245,22,0,0
BRDA:254,23,0,0
BRDA:258,24,0,0
BRDA:262,25,0,0
BRDA:266,26,0,0
BRDA:272,27,0,0
BRDA:278,28,0,0
BRDA:307,29,0,0
BRDA:307,29,1,0
BRDA:320,30,0,0
BRDA:320,30,1,0
BRDA:333,31,0,0
BRDA:333,31,1,0
BRDA:339,32,0,0
BRDA:339,32,1,0
BRDA:339,32,2,0
BRDA:339,32,3,0
BRDA:343,33,0,0
BRDA:343,33,1,0
BRDA:349,34,0,0
BRDA:349,34,1,0
BRDA:381,35,0,0
BRDA:381,35,1,0
BRDA:403,36,0,0
BRDA:403,36,1,0
BRDA:414,37,0,0
BRDA:421,38,0,0
BRDA:421,39,0,0
BRDA:421,39,1,0
BRDA:432,40,0,0
BRDA:432,41,0,0
BRDA:432,41,1,0
BRDA:441,42,0,0
BRDA:441,43,0,0
BRDA:441,43,1,0
BRDA:471,44,0,0
BRDA:471,44,1,0
BRF:62
BRH:0
end_of_record
TN:
SF:src/report_generation/index.ts
FN:10,(anonymous_4)
FN:11,(anonymous_5)
FN:12,(anonymous_6)
FN:13,(anonymous_7)
FN:26,createReportService
FNF:5
FNH:0
FNDA:0,(anonymous_4)
FNDA:0,(anonymous_5)
FNDA:0,(anonymous_6)
FNDA:0,(anonymous_7)
FNDA:0,createReportService
DA:7,0
DA:10,0
DA:11,0
DA:12,0
DA:13,0
DA:16,0
DA:20,0
DA:26,0
DA:30,0
DA:36,0
LF:10
LH:0
BRDA:28,0,0,0
BRF:1
BRH:0
end_of_record
TN:
SF:src/report_generation/report-exporter.ts
FN:16,(anonymous_1)
FN:26,(anonymous_2)
FN:75,(anonymous_3)
FN:147,(anonymous_4)
FN:201,(anonymous_5)
FN:240,(anonymous_6)
FN:258,(anonymous_7)
FN:269,(anonymous_8)
FN:278,(anonymous_9)
FN:284,(anonymous_10)
FN:297,(anonymous_11)
FN:320,(anonymous_12)
FN:360,(anonymous_13)
FN:372,(anonymous_14)
FN:382,(anonymous_15)
FN:400,(anonymous_16)
FN:430,(anonymous_17)
FN:442,(anonymous_18)
FN:456,(anonymous_19)
FN:471,(anonymous_20)
FN:488,(anonymous_21)
FN:505,(anonymous_22)
FN:530,(anonymous_23)
FNF:23
FNH:0
FNDA:0,(anonymous_1)
FNDA:0,(anonymous_2)
FNDA:0,(anonymous_3)
FNDA:0,(anonymous_4)
FNDA:0,(anonymous_5)
FNDA:0,(anonymous_6)
FNDA:0,(anonymous_7)
FNDA:0,(anonymous_8)
FNDA:0,(anonymous_9)
FNDA:0,(anonymous_10)
FNDA:0,(anonymous_11)
FNDA:0,(anonymous_12)
FNDA:0,(anonymous_13)
FNDA:0,(anonymous_14)
FNDA:0,(anonymous_15)
FNDA:0,(anonymous_16)
FNDA:0,(anonymous_17)
FNDA:0,(anonymous_18)
FNDA:0,(anonymous_19)
FNDA:0,(anonymous_20)
FNDA:0,(anonymous_21)
FNDA:0,(anonymous_22)
FNDA:0,(anonymous_23)
DA:6,1
DA:7,1
DA:10,1
DA:12,1
DA:17,0
DA:18,0
DA:20,0
DA:27,0
DA:29,0
DA:36,0
DA:38,0
DA:41,0
DA:44,0
DA:47,0
DA:49,0
DA:51,0
DA:58,0
DA:63,0
DA:79,0
DA:81,0
DA:86,0
DA:87,0
DA:89,0
DA:90,0
DA:91,0
DA:93,0
DA:99,0
DA:100,0
DA:102,0
DA:108,0
DA:109,0
DA:110,0
DA:118,0
DA:119,0
DA:122,0
DA:129,0
DA:131,0
DA:136,0
DA:152,0
DA:154,0
DA:160,0
DA:162,0
DA:164,0
DA:165,0
DA:167,0
DA:168,0
DA:170,0
DA:171,0
DA:173,0
DA:174,0
DA:176,0
DA:179,0
DA:185,0
DA:190,0
DA:206,0
DA:241,0
DA:243,0
DA:245,0
DA:247,0
DA:249,0
DA:251,0
DA:259,0
DA:262,0
DA:263,0
DA:267,0
DA:268,0
DA:269,0
DA:270,0
DA:272,0
DA:276,0
DA:277,0
DA:278,0
DA:279,0
DA:280,0
DA:282,0
DA:283,0
DA:284,0
DA:285,0
DA:287,0
DA:290,0
DA:295,0
DA:296,0
DA:297,0
DA:298,0
DA:300,0
DA:304,0
DA:305,0
DA:306,0
DA:310,0
DA:311,0
DA:312,0
DA:314,0
DA:321,0
DA:323,0
DA:347,0
DA:348,0
DA:356,0
DA:357,0
DA:360,0
DA:361,0
DA:364,0
DA:369,0
DA:370,0
DA:372,0
DA:373,0
DA:378,0
DA:379,0
DA:382,0
DA:383,0
DA:386,0
DA:390,0
DA:397,0
DA:398,0
DA:400,0
DA:401,0
DA:409,0
DA:410,0
DA:416,0
DA:424,0
DA:431,0
DA:432,0
DA:434,0
DA:435,0
DA:444,0
DA:445,0
DA:449,0
DA:450,0
DA:458,0
DA:459,0
DA:460,0
DA:463,0
DA:465,0
DA:473,0
DA:474,0
DA:476,0
DA:477,0
DA:480,0
DA:482,0
DA:490,0
DA:491,0
DA:493,0
DA:494,0
DA:497,0
DA:499,0
DA:506,0
DA:507,0
DA:508,0
DA:511,0
DA:521,0
DA:531,0
DA:532,0
DA:533,0
DA:534,0
DA:535,0
LF:154
LH:4
BRDA:16,0,0,0
BRDA:118,1,0,0
BRDA:118,2,0,0
BRDA:118,2,1,0
BRDA:162,3,0,0
BRDA:162,3,1,0
BRDA:162,3,2,0
BRDA:162,3,3,0
BRDA:162,3,4,0
BRDA:243,4,0,0
BRDA:243,4,1,0
BRDA:243,4,2,0
BRDA:243,4,3,0
BRDA:262,5,0,0
BRDA:267,6,0,0
BRDA:267,7,0,0
BRDA:267,7,1,0
BRDA:276,8,0,0
BRDA:276,9,0,0
BRDA:276,9,1,0
BRDA:282,10,0,0
BRDA:282,11,0,0
BRDA:282,11,1,0
BRDA:295,12,0,0
BRDA:295,13,0,0
BRDA:295,13,1,0
BRDA:304,14,0,0
BRDA:304,15,0,0
BRDA:304,15,1,0
BRDA:312,16,0,0
BRDA:312,16,1,0
BRDA:347,17,0,0
BRDA:356,18,0,0
BRDA:356,19,0,0
BRDA:356,19,1,0
BRDA:369,20,0,0
BRDA:369,21,0,0
BRDA:369,21,1,0
BRDA:378,22,0,0
BRDA:378,23,0,0
BRDA:378,23,1,0
BRDA:397,24,0,0
BRDA:397,25,0,0
BRDA:397,25,1,0
BRDA:409,26,0,0
BRDA:409,27,0,0
BRDA:409,27,1,0
BRDA:419,28,0,0
BRDA:419,28,1,0
BRDA:444,29,0,0
BRDA:444,30,0,0
BRDA:444,30,1,0
BRDA:449,31,0,0
BRDA:449,31,1,0
BRDA:459,32,0,0
BRDA:476,33,0,0
BRDA:476,34,0,0
BRDA:476,34,1,0
BRDA:491,35,0,0
BRDA:491,35,1,0
BRDA:493,36,0,0
BRDA:507,37,0,0
BRDA:531,38,0,0
BRDA:531,38,1,0
BRDA:531,38,2,0
BRDA:531,38,3,0
BRF:66
BRH:0
end_of_record
TN:
SF:src/report_generation/report-generator.ts
FN:23,(anonymous_0)
FN:30,(anonymous_1)
FN:84,(anonymous_2)
FN:99,(anonymous_3)
FN:127,(anonymous_4)
FN:135,(anonymous_5)
FN:137,(anonymous_6)
FN:144,(anonymous_7)
FN:150,(anonymous_8)
FN:158,(anonymous_9)
FN:164,(anonymous_10)
FN:186,(anonymous_11)
FN:190,(anonymous_12)
FN:191,(anonymous_13)
FN:202,(anonymous_14)
FN:226,(anonymous_15)
FN:247,(anonymous_16)
FN:308,(anonymous_17)
FN:326,(anonymous_18)
FN:335,(anonymous_19)
FN:352,(anonymous_20)
FN:354,(anonymous_21)
FN:355,(anonymous_22)
FN:356,(anonymous_23)
FN:368,(anonymous_24)
FN:375,(anonymous_25)
FN:378,(anonymous_26)
FN:384,(anonymous_27)
FN:387,(anonymous_28)
FN:396,(anonymous_29)
FN:397,(anonymous_30)
FN:398,(anonymous_31)
FN:399,(anonymous_32)
FN:435,(anonymous_33)
FN:436,(anonymous_34)
FN:437,(anonymous_35)
FN:443,(anonymous_36)
FN:455,(anonymous_37)
FN:469,(anonymous_38)
FN:471,(anonymous_39)
FN:517,(anonymous_40)
FN:519,(anonymous_41)
FN:526,(anonymous_42)
FN:528,(anonymous_43)
FN:535,(anonymous_44)
FN:536,(anonymous_45)
FN:539,(anonymous_46)
FN:546,(anonymous_47)
FN:548,(anonymous_48)
FN:550,(anonymous_49)
FN:560,(anonymous_50)
FN:562,(anonymous_51)
FN:567,(anonymous_52)
FN:569,(anonymous_53)
FN:587,(anonymous_54)
FN:589,(anonymous_55)
FN:591,(anonymous_56)
FN:600,(anonymous_57)
FN:606,(anonymous_58)
FN:614,(anonymous_59)
FN:619,(anonymous_60)
FN:630,(anonymous_61)
FN:649,(anonymous_62)
FN:657,(anonymous_63)
FNF:64
FNH:0
FNDA:0,(anonymous_0)
FNDA:0,(anonymous_1)
FNDA:0,(anonymous_2)
FNDA:0,(anonymous_3)
FNDA:0,(anonymous_4)
FNDA:0,(anonymous_5)
FNDA:0,(anonymous_6)
FNDA:0,(anonymous_7)
FNDA:0,(anonymous_8)
FNDA:0,(anonymous_9)
FNDA:0,(anonymous_10)
FNDA:0,(anonymous_11)
FNDA:0,(anonymous_12)
FNDA:0,(anonymous_13)
FNDA:0,(anonymous_14)
FNDA:0,(anonymous_15)
FNDA:0,(anonymous_16)
FNDA:0,(anonymous_17)
FNDA:0,(anonymous_18)
FNDA:0,(anonymous_19)
FNDA:0,(anonymous_20)
FNDA:0,(anonymous_21)
FNDA:0,(anonymous_22)
FNDA:0,(anonymous_23)
FNDA:0,(anonymous_24)
FNDA:0,(anonymous_25)
FNDA:0,(anonymous_26)
FNDA:0,(anonymous_27)
FNDA:0,(anonymous_28)
FNDA:0,(anonymous_29)
FNDA:0,(anonymous_30)
FNDA:0,(anonymous_31)
FNDA:0,(anonymous_32)
FNDA:0,(anonymous_33)
FNDA:0,(anonymous_34)
FNDA:0,(anonymous_35)
FNDA:0,(anonymous_36)
FNDA:0,(anonymous_37)
FNDA:0,(anonymous_38)
FNDA:0,(anonymous_39)
FNDA:0,(anonymous_40)
FNDA:0,(anonymous_41)
FNDA:0,(anonymous_42)
FNDA:0,(anonymous_43)
FNDA:0,(anonymous_44)
FNDA:0,(anonymous_45)
FNDA:0,(anonymous_46)
FNDA:0,(anonymous_47)
FNDA:0,(anonymous_48)
FNDA:0,(anonymous_49)
FNDA:0,(anonymous_50)
FNDA:0,(anonymous_51)
FNDA:0,(anonymous_52)
FNDA:0,(anonymous_53)
FNDA:0,(anonymous_54)
FNDA:0,(anonymous_55)
FNDA:0,(anonymous_56)
FNDA:0,(anonymous_57)
FNDA:0,(anonymous_58)
FNDA:0,(anonymous_59)
FNDA:0,(anonymous_60)
FNDA:0,(anonymous_61)
FNDA:0,(anonymous_62)
FNDA:0,(anonymous_63)
DA:18,1
DA:20,1
DA:24,0
DA:31,0
DA:33,0
DA:40,0
DA:42,0
DA:45,0
DA:48,0
DA:65,0
DA:71,0
DA:73,0
DA:74,0
DA:85,0
DA:86,0
DA:87,0
DA:89,0
DA:90,0
DA:92,0
DA:100,0
DA:103,0
DA:106,0
DA:109,0
DA:110,0
DA:114,0
DA:115,0
DA:119,0
DA:121,0
DA:128,0
DA:131,0
DA:132,0
DA:133,0
DA:135,0
DA:138,0
DA:144,0
DA:145,0
DA:146,0
DA:151,0
DA:157,0
DA:158,0
DA:159,0
DA:160,0
DA:164,0
DA:170,0
DA:171,0
DA:172,0
DA:180,0
DA:187,0
DA:190,0
DA:191,0
DA:193,0
DA:194,0
DA:195,0
DA:196,0
DA:197,0
DA:201,0
DA:202,0
DA:203,0
DA:204,0
DA:209,0
DA:210,0
DA:211,0
DA:214,0
DA:215,0
DA:219,0
DA:220,0
DA:221,0
DA:222,0
DA:225,0
DA:226,0
DA:227,0
DA:228,0
DA:232,0
DA:233,0
DA:234,0
DA:237,0
DA:238,0
DA:241,0
DA:248,0
DA:250,0
DA:252,0
DA:253,0
DA:254,0
DA:268,0
DA:269,0
DA:270,0
DA:284,0
DA:285,0
DA:286,0
DA:297,0
DA:299,0
DA:302,0
DA:309,0
DA:311,0
DA:313,0
DA:315,0
DA:317,0
DA:327,0
DA:328,0
DA:329,0
DA:336,0
DA:337,0
DA:338,0
DA:339,0
DA:341,0
DA:353,0
DA:354,0
DA:355,0
DA:356,0
DA:358,0
DA:359,0
DA:361,0
DA:369,0
DA:370,0
DA:372,0
DA:373,0
DA:374,0
DA:375,0
DA:377,0
DA:378,0
DA:380,0
DA:382,0
DA:383,0
DA:384,0
DA:386,0
DA:387,0
DA:389,0
DA:397,0
DA:398,0
DA:399,0
DA:401,0
DA:402,0
DA:403,0
DA:404,0
DA:406,0
DA:408,0
DA:409,0
DA:410,0
DA:411,0
DA:414,0
DA:416,0
DA:417,0
DA:418,0
DA:420,0
DA:422,0
DA:423,0
DA:424,0
DA:425,0
DA:428,0
DA:436,0
DA:437,0
DA:439,0
DA:440,0
DA:441,0
DA:442,0
DA:443,0
DA:444,0
DA:445,0
DA:446,0
DA:448,0
DA:450,0
DA:452,0
DA:453,0
DA:454,0
DA:455,0
DA:456,0
DA:457,0
DA:458,0
DA:460,0
DA:462,0
DA:470,0
DA:471,0
DA:473,0
DA:474,0
DA:475,0
DA:476,0
DA:477,0
DA:478,0
DA:480,0
DA:483,0
DA:484,0
DA:485,0
DA:486,0
DA:488,0
DA:491,0
DA:493,0
DA:494,0
DA:495,0
DA:496,0
DA:497,0
DA:499,0
DA:502,0
DA:503,0
DA:504,0
DA:505,0
DA:507,0
DA:510,0
DA:518,0
DA:519,0
DA:527,0
DA:528,0
DA:536,0
DA:537,0
DA:539,0
DA:540,0
DA:547,0
DA:548,0
DA:550,0
DA:561,0
DA:562,0
DA:565,0
DA:567,0
DA:569,0
DA:574,0
DA:575,0
DA:581,0
DA:588,0
DA:589,0
DA:591,0
DA:601,0
DA:602,0
DA:604,0
DA:605,0
DA:606,0
DA:607,0
DA:609,0
DA:612,0
DA:613,0
DA:614,0
DA:615,0
DA:616,0
DA:617,0
DA:618,0
DA:619,0
DA:620,0
DA:622,0
DA:624,0
DA:628,0
DA:629,0
DA:630,0
DA:631,0
DA:633,0
DA:636,0
DA:637,0
DA:638,0
DA:641,0
DA:643,0
DA:651,0
DA:658,0
DA:659,0
DA:660,0
DA:661,0
DA:662,0
LF:253
LH:2
BRDA:37,0,0,0
BRDA:37,0,1,0
BRDA:55,1,0,0
BRDA:55,1,1,0
BRDA:87,2,0,0
BRDA:87,2,1,0
BRDA:89,3,0,0
BRDA:89,3,1,0
BRDA:90,4,0,0
BRDA:90,4,1,0
BRDA:92,5,0,0
BRDA:92,5,1,0
BRDA:109,6,0,0
BRDA:114,7,0,0
BRDA:114,8,0,0
BRDA:114,8,1,0
BRDA:132,9,0,0
BRDA:138,10,0,0
BRDA:138,10,1,0
BRDA:145,11,0,0
BRDA:151,12,0,0
BRDA:151,12,1,0
BRDA:157,13,0,0
BRDA:157,14,0,0
BRDA:157,14,1,0
BRDA:158,15,0,0
BRDA:158,15,1,0
BRDA:159,16,0,0
BRDA:171,17,0,0
BRDA:190,18,0,0
BRDA:190,18,1,0
BRDA:191,19,0,0
BRDA:191,19,1,0
BRDA:193,20,0,0
BRDA:193,20,1,0
BRDA:194,21,0,0
BRDA:194,21,1,0
BRDA:196,22,0,0
BRDA:201,23,0,0
BRDA:201,24,0,0
BRDA:201,24,1,0
BRDA:203,25,0,0
BRDA:210,26,0,0
BRDA:219,27,0,0
BRDA:219,27,1,0
BRDA:221,28,0,0
BRDA:225,29,0,0
BRDA:225,30,0,0
BRDA:225,30,1,0
BRDA:227,31,0,0
BRDA:233,32,0,0
BRDA:253,33,0,0
BRDA:269,34,0,0
BRDA:285,35,0,0
BRDA:309,36,0,0
BRDA:309,36,1,0
BRDA:309,36,2,0
BRDA:309,36,3,0
BRDA:345,37,0,0
BRDA:345,37,1,0
BRDA:358,38,0,0
BRDA:358,38,1,0
BRDA:359,39,0,0
BRDA:359,39,1,0
BRDA:361,40,0,0
BRDA:361,40,1,0
BRDA:372,41,0,0
BRDA:372,41,1,0
BRDA:374,42,0,0
BRDA:375,43,0,0
BRDA:375,43,1,0
BRDA:377,44,0,0
BRDA:378,45,0,0
BRDA:378,45,1,0
BRDA:383,46,0,0
BRDA:384,47,0,0
BRDA:384,47,1,0
BRDA:386,48,0,0
BRDA:387,49,0,0
BRDA:387,49,1,0
BRDA:401,50,0,0
BRDA:401,50,1,0
BRDA:403,51,0,0
BRDA:408,52,0,0
BRDA:408,52,1,0
BRDA:410,53,0,0
BRDA:417,54,0,0
BRDA:422,55,0,0
BRDA:422,55,1,0
BRDA:424,56,0,0
BRDA:439,57,0,0
BRDA:439,57,1,0
BRDA:441,58,0,0
BRDA:441,58,1,0
BRDA:445,59,0,0
BRDA:445,59,1,0
BRDA:453,60,0,0
BRDA:453,60,1,0
BRDA:457,61,0,0
BRDA:457,61,1,0
BRDA:473,62,0,0
BRDA:473,62,1,0
BRDA:475,63,0,0
BRDA:475,63,1,0
BRDA:477,64,0,0
BRDA:477,64,1,0
BRDA:483,65,0,0
BRDA:483,65,1,0
BRDA:485,66,0,0
BRDA:485,66,1,0
BRDA:494,67,0,0
BRDA:494,67,1,0
BRDA:496,68,0,0
BRDA:496,68,1,0
BRDA:502,69,0,0
BRDA:502,69,1,0
BRDA:504,70,0,0
BRDA:504,70,1,0
BRDA:537,71,0,0
BRDA:553,72,0,0
BRDA:553,72,1,0
BRDA:574,73,0,0
BRDA:604,74,0,0
BRDA:604,75,0,0
BRDA:604,75,1,0
BRDA:612,76,0,0
BRDA:612,77,0,0
BRDA:612,77,1,0
BRDA:617,78,0,0
BRDA:617,79,0,0
BRDA:617,79,1,0
BRDA:628,80,0,0
BRDA:628,81,0,0
BRDA:628,81,1,0
BRDA:636,82,0,0
BRDA:636,83,0,0
BRDA:636,83,1,0
BRDA:658,84,0,0
BRDA:658,84,1,0
BRDA:658,84,2,0
BRDA:658,84,3,0
BRF:141
BRH:0
end_of_record
TN:
SF:src/report_generation/report-service.ts
FN:32,(anonymous_0)
FN:61,(anonymous_1)
FN:169,(anonymous_2)
FN:170,(anonymous_3)
FN:196,(anonymous_4)
FN:203,(anonymous_5)
FN:228,(anonymous_6)
FN:251,(anonymous_7)
FN:290,(anonymous_8)
FN:317,(anonymous_9)
FN:322,(anonymous_10)
FN:338,(anonymous_11)
FN:358,(anonymous_12)
FN:369,(anonymous_13)
FNF:14
FNH:0
FNDA:0,(anonymous_0)
FNDA:0,(anonymous_1)
FNDA:0,(anonymous_2)
FNDA:0,(anonymous_3)
FNDA:0,(anonymous_4)
FNDA:0,(anonymous_5)
FNDA:0,(anonymous_6)
FNDA:0,(anonymous_7)
FNDA:0,(anonymous_8)
FNDA:0,(anonymous_9)
FNDA:0,(anonymous_10)
FNDA:0,(anonymous_11)
FNDA:0,(anonymous_12)
FNDA:0,(anonymous_13)
DA:12,0
DA:13,0
DA:14,0
DA:16,0
DA:18,0
DA:33,0
DA:35,0
DA:36,0
DA:37,0
DA:39,0
DA:49,0
DA:51,0
DA:74,0
DA:76,0
DA:77,0
DA:79,0
DA:87,0
DA:88,0
DA:89,0
DA:91,0
DA:93,0
DA:94,0
DA:95,0
DA:98,0
DA:101,0
DA:102,0
DA:103,0
DA:104,0
DA:105,0
DA:106,0
DA:108,0
DA:112,0
DA:118,0
DA:119,0
DA:120,0
DA:123,0
DA:124,0
DA:125,0
DA:126,0
DA:131,0
DA:133,0
DA:137,0
DA:144,0
DA:145,0
DA:146,0
DA:147,0
DA:152,0
DA:153,0
DA:155,0
DA:159,0
DA:164,0
DA:166,0
DA:169,0
DA:170,0
DA:174,0
DA:180,0
DA:185,0
DA:197,0
DA:204,0
DA:209,0
DA:210,0
DA:215,0
DA:217,0
DA:218,0
DA:235,0
DA:236,0
DA:238,0
DA:245,0
DA:258,0
DA:267,0
DA:268,0
DA:269,0
DA:273,0
DA:274,0
DA:278,0
DA:279,0
DA:282,0
DA:291,0
DA:300,0
DA:303,0
DA:304,0
DA:307,0
DA:318,0
DA:319,0
DA:321,0
DA:322,0
DA:323,0
DA:324,0
DA:327,0
DA:328,0
DA:339,0
DA:340,0
DA:342,0
DA:345,0
DA:346,0
DA:347,0
DA:348,0
DA:349,0
DA:352,0
DA:359,0
DA:360,0
DA:361,0
DA:363,0
DA:375,0
DA:376,0
DA:377,0
DA:378,0
DA:383,0
DA:384,0
DA:387,0
DA:388,0
DA:389,0
DA:390,0
LF:113
LH:0
BRDA:32,0,0,0
BRDA:40,1,0,0
BRDA:40,1,1,0
BRDA:41,2,0,0
BRDA:41,2,1,0
BRDA:42,3,0,0
BRDA:42,3,1,0
BRDA:43,4,0,0
BRDA:43,4,1,0
BRDA:44,5,0,0
BRDA:44,5,1,0
BRDA:45,6,0,0
BRDA:45,6,1,0
BRDA:46,7,0,0
BRDA:46,7,1,0
BRDA:63,8,0,0
BRDA:76,9,0,0
BRDA:76,9,1,0
BRDA:77,10,0,0
BRDA:77,10,1,0
BRDA:84,11,0,0
BRDA:84,11,1,0
BRDA:101,12,0,0
BRDA:118,13,0,0
BRDA:118,14,0,0
BRDA:118,14,1,0
BRDA:124,15,0,0
BRDA:144,16,0,0
BRDA:144,17,0,0
BRDA:144,17,1,0
BRDA:235,18,0,0
BRDA:235,18,1,0
BRDA:268,19,0,0
BRDA:268,19,1,0
BRDA:269,20,0,0
BRDA:269,20,1,0
BRDA:273,21,0,0
BRDA:278,22,0,0
BRDA:303,23,0,0
BRDA:327,24,0,0
BRDA:375,25,0,0
BRDA:377,26,0,0
BRDA:383,27,0,0
BRDA:383,28,0,0
BRDA:383,28,1,0
BRDA:387,29,0,0
BRDA:389,30,0,0
BRF:47
BRH:0
end_of_record
TN:
SF:src/report_generation/template-manager.ts
FN:27,(anonymous_1)
FN:39,(anonymous_2)
FN:84,(anonymous_3)
FN:120,(anonymous_4)
FN:128,(anonymous_5)
FN:144,(anonymous_6)
FN:163,(anonymous_7)
FN:190,(anonymous_8)
FN:217,(anonymous_9)
FN:241,(anonymous_10)
FN:268,(anonymous_11)
FN:376,(anonymous_12)
FN:378,(anonymous_13)
FN:385,(anonymous_14)
FN:404,(anonymous_15)
FN:411,(anonymous_16)
FN:449,(anonymous_17)
FN:472,(anonymous_18)
FN:478,(anonymous_19)
FN:506,(anonymous_20)
FN:510,(anonymous_21)
FN:531,(anonymous_22)
FNF:22
FNH:0
FNDA:0,(anonymous_1)
FNDA:0,(anonymous_2)
FNDA:0,(anonymous_3)
FNDA:0,(anonymous_4)
FNDA:0,(anonymous_5)
FNDA:0,(anonymous_6)
FNDA:0,(anonymous_7)
FNDA:0,(anonymous_8)
FNDA:0,(anonymous_9)
FNDA:0,(anonymous_10)
FNDA:0,(anonymous_11)
FNDA:0,(anonymous_12)
FNDA:0,(anonymous_13)
FNDA:0,(anonymous_14)
FNDA:0,(anonymous_15)
FNDA:0,(anonymous_16)
FNDA:0,(anonymous_17)
FNDA:0,(anonymous_18)
FNDA:0,(anonymous_19)
FNDA:0,(anonymous_20)
FNDA:0,(anonymous_21)
FNDA:0,(anonymous_22)
DA:6,1
DA:7,1
DA:10,1
DA:21,1
DA:28,0
DA:29,0
DA:30,0
DA:31,0
DA:33,0
DA:40,0
DA:42,0
DA:44,0
DA:45,0
DA:46,0
DA:47,0
DA:51,0
DA:52,0
DA:53,0
DA:54,0
DA:58,0
DA:59,0
DA:60,0
DA:61,0
DA:62,0
DA:66,0
DA:67,0
DA:69,0
DA:70,0
DA:72,0
DA:73,0
DA:85,0
DA:90,0
DA:92,0
DA:93,0
DA:94,0
DA:98,0
DA:99,0
DA:102,0
DA:104,0
DA:106,0
DA:110,0
DA:121,0
DA:123,0
DA:124,0
DA:127,0
DA:128,0
DA:129,0
DA:130,0
DA:132,0
DA:141,0
DA:142,0
DA:143,0
DA:144,0
DA:145,0
DA:146,0
DA:147,0
DA:150,0
DA:158,0
DA:162,0
DA:163,0
DA:164,0
DA:165,0
DA:166,0
DA:169,0
DA:177,0
DA:178,0
DA:180,0
DA:181,0
DA:191,0
DA:193,0
DA:195,0
DA:196,0
DA:197,0
DA:202,0
DA:204,0
DA:206,0
DA:207,0
DA:218,0
DA:221,0
DA:222,0
DA:223,0
DA:224,0
DA:227,0
DA:228,0
DA:232,0
DA:233,0
DA:237,0
DA:238,0
DA:239,0
DA:241,0
DA:242,0
DA:243,0
DA:247,0
DA:248,0
DA:253,0
DA:254,0
DA:257,0
DA:269,0
DA:272,0
DA:310,0
DA:348,0
DA:370,0
DA:377,0
DA:378,0
DA:386,0
DA:389,0
DA:405,0
DA:412,0
DA:413,0
DA:415,0
DA:416,0
DA:418,0
DA:419,0
DA:422,0
DA:423,0
DA:424,0
DA:429,0
DA:432,0
DA:434,0
DA:435,0
DA:437,0
DA:442,0
DA:450,0
DA:452,0
DA:454,0
DA:455,0
DA:457,0
DA:458,0
DA:460,0
DA:465,0
DA:473,0
DA:475,0
DA:476,0
DA:477,0
DA:478,0
DA:480,0
DA:481,0
DA:482,0
DA:483,0
DA:484,0
DA:486,0
DA:487,0
DA:488,0
DA:491,0
DA:495,0
DA:496,0
DA:500,0
DA:507,0
DA:508,0
DA:509,0
DA:510,0
DA:512,0
DA:513,0
DA:514,0
DA:515,0
DA:516,0
DA:518,0
DA:522,0
DA:523,0
DA:532,0
DA:533,0
DA:535,0
DA:536,0
LF:163
LH:4
BRDA:27,0,0,0
BRDA:45,1,0,0
BRDA:52,2,0,0
BRDA:59,3,0,0
BRDA:93,4,0,0
BRDA:129,5,0,0
BRDA:129,5,1,0
BRDA:145,6,0,0
BRDA:145,6,1,0
BRDA:146,7,0,0
BRDA:164,8,0,0
BRDA:164,8,1,0
BRDA:165,9,0,0
BRDA:196,10,0,0
BRDA:221,11,0,0
BRDA:222,12,0,0
BRDA:223,13,0,0
BRDA:224,14,0,0
BRDA:227,15,0,0
BRDA:227,16,0,0
BRDA:227,16,1,0
BRDA:232,17,0,0
BRDA:232,18,0,0
BRDA:232,18,1,0
BRDA:237,19,0,0
BRDA:238,20,0,0
BRDA:238,20,1,0
BRDA:238,21,0,0
BRDA:238,21,1,0
BRDA:242,22,0,0
BRDA:243,23,0,0
BRDA:247,24,0,0
BRDA:247,25,0,0
BRDA:247,25,1,0
BRDA:253,26,0,0
BRDA:253,27,0,0
BRDA:253,27,1,0
BRDA:377,28,0,0
BRDA:377,28,1,0
BRDA:378,29,0,0
BRDA:378,29,1,0
BRDA:386,30,0,0
BRDA:386,30,1,0
BRDA:423,31,0,0
BRDA:434,32,0,0
BRDA:487,33,0,0
BRDA:495,34,0,0
BRDA:522,35,0,0
BRF:48
BRH:0
end_of_record
TN:
SF:src/scheduler/base-executor.ts
FN:14,(anonymous_0)
FN:23,(anonymous_1)
FN:71,(anonymous_2)
FN:91,(anonymous_3)
FN:98,(anonymous_4)
FN:117,(anonymous_5)
FN:142,(anonymous_6)
FN:153,(anonymous_7)
FN:176,(anonymous_8)
FNF:9
FNH:0
FNDA:0,(anonymous_0)
FNDA:0,(anonymous_1)
FNDA:0,(anonymous_2)
FNDA:0,(anonymous_3)
FNDA:0,(anonymous_4)
FNDA:0,(anonymous_5)
FNDA:0,(anonymous_6)
FNDA:0,(anonymous_7)
FNDA:0,(anonymous_8)
DA:7,0
DA:9,0
DA:15,0
DA:16,0
DA:17,0
DA:24,0
DA:25,0
DA:27,0
DA:33,0
DA:35,0
DA:36,0
DA:37,0
DA:41,0
DA:43,0
DA:44,0
DA:50,0
DA:52,0
DA:53,0
DA:60,0
DA:72,0
DA:75,0
DA:76,0
DA:77,0
DA:78,0
DA:82,0
DA:92,0
DA:99,0
DA:123,0
DA:131,0
DA:143,0
DA:159,0
DA:161,0
DA:162,0
DA:163,0
DA:165,0
DA:167,0
DA:168,0
DA:169,0
DA:176,0
DA:177,0
DA:179,0
DA:184,0
LF:42
LH:0
BRDA:25,0,0,0
BRDA:25,0,1,0
BRDA:36,1,0,0
BRDA:77,2,0,0
BRDA:77,3,0,0
BRDA:77,3,1,0
BRDA:77,3,2,0
BRDA:155,4,0,0
BRDA:156,5,0,0
BRDA:167,6,0,0
BRDA:167,6,1,0
BRF:11
BRH:0
end_of_record
TN:
SF:src/scheduler/index.ts
FN:10,(anonymous_4)
FN:11,(anonymous_5)
FN:12,(anonymous_6)
FN:13,(anonymous_7)
FN:16,(anonymous_8)
FN:17,(anonymous_9)
FN:30,createSchedulerService
FNF:7
FNH:0
FNDA:0,(anonymous_4)
FNDA:0,(anonymous_5)
FNDA:0,(anonymous_6)
FNDA:0,(anonymous_7)
FNDA:0,(anonymous_8)
FNDA:0,(anonymous_9)
FNDA:0,createSchedulerService
DA:7,0
DA:10,0
DA:11,0
DA:12,0
DA:13,0
DA:16,0
DA:17,0
DA:20,0
DA:24,0
DA:30,0
DA:34,0
DA:40,0
LF:12
LH:0
BRDA:32,0,0,0
BRF:1
BRH:0
end_of_record
TN:
SF:src/scheduler/scheduler-service.ts
FN:17,(anonymous_0)
FN:28,(anonymous_1)
FN:51,(anonymous_2)
FN:66,(anonymous_3)
FN:73,(anonymous_4)
FN:80,(anonymous_5)
FN:98,(anonymous_6)
FN:108,(anonymous_7)
FN:115,(anonymous_8)
FN:163,(anonymous_9)
FN:191,(anonymous_10)
FN:227,(anonymous_11)
FNF:12
FNH:0
FNDA:0,(anonymous_0)
FNDA:0,(anonymous_1)
FNDA:0,(anonymous_2)
FNDA:0,(anonymous_3)
FNDA:0,(anonymous_4)
FNDA:0,(anonymous_5)
FNDA:0,(anonymous_6)
FNDA:0,(anonymous_7)
FNDA:0,(anonymous_8)
FNDA:0,(anonymous_9)
FNDA:0,(anonymous_10)
FNDA:0,(anonymous_11)
DA:6,0
DA:8,0
DA:9,0
DA:12,0
DA:18,0
DA:19,0
DA:20,0
DA:22,0
DA:29,0
DA:31,0
DA:33,0
DA:36,0
DA:39,0
DA:41,0
DA:43,0
DA:44,0
DA:52,0
DA:54,0
DA:55,0
DA:56,0
DA:58,0
DA:59,0
DA:67,0
DA:74,0
DA:81,0
DA:82,0
DA:84,0
DA:100,0
DA:101,0
DA:104,0
DA:105,0
DA:107,0
DA:108,0
DA:116,0
DA:118,0
DA:135,0
DA:153,0
DA:155,0
DA:164,0
DA:166,0
DA:184,0
DA:185,0
DA:193,0
DA:208,0
DA:209,0
DA:210,0
DA:213,0
DA:214,0
DA:216,0
DA:233,0
DA:250,0
DA:251,0
DA:252,0
DA:255,0
DA:256,0
DA:258,0
LF:56
LH:0
BRDA:17,0,0,0
BRDA:191,1,0,0
BRDA:227,2,0,0
BRDA:243,3,0,0
BRDA:243,3,1,0
BRDA:244,4,0,0
BRDA:244,4,1,0
BRDA:245,5,0,0
BRDA:245,5,1,0
BRDA:246,6,0,0
BRDA:246,6,1,0
BRF:11
BRH:0
end_of_record
TN:
SF:src/scheduler/scheduler.ts
FN:34,(anonymous_0)
FN:63,(anonymous_1)
FN:84,(anonymous_2)
FN:97,(anonymous_3)
FN:119,(anonymous_4)
FN:144,(anonymous_5)
FN:197,(anonymous_6)
FN:252,(anonymous_7)
FN:288,(anonymous_8)
FN:289,(anonymous_9)
FN:304,(anonymous_10)
FN:325,(anonymous_11)
FN:446,(anonymous_12)
FN:455,(anonymous_13)
FN:463,(anonymous_14)
FN:482,(anonymous_15)
FN:491,(anonymous_16)
FN:519,(anonymous_17)
FN:534,(anonymous_18)
FN:573,(anonymous_19)
FN:583,(anonymous_20)
FN:592,(anonymous_21)
FN:610,(anonymous_22)
FN:615,(anonymous_23)
FNF:24
FNH:18
FNDA:11,(anonymous_0)
FNDA:9,(anonymous_1)
FNDA:0,(anonymous_2)
FNDA:12,(anonymous_3)
FNDA:0,(anonymous_4)
FNDA:9,(anonymous_5)
FNDA:1,(anonymous_6)
FNDA:1,(anonymous_7)
FNDA:1,(anonymous_8)
FNDA:1,(anonymous_9)
FNDA:3,(anonymous_10)
FNDA:7,(anonymous_11)
FNDA:1,(anonymous_12)
FNDA:5,(anonymous_13)
FNDA:0,(anonymous_14)
FNDA:9,(anonymous_15)
FNDA:8,(anonymous_16)
FNDA:0,(anonymous_17)
FNDA:8,(anonymous_18)
FNDA:9,(anonymous_19)
FNDA:6,(anonymous_20)
FNDA:6,(anonymous_21)
FNDA:0,(anonymous_22)
FNDA:0,(anonymous_23)
DA:13,1
DA:15,1
DA:24,1
DA:35,11
DA:36,11
DA:37,11
DA:38,11
DA:39,11
DA:40,11
DA:42,11
DA:54,11
DA:64,9
DA:65,0
DA:66,0
DA:69,9
DA:71,9
DA:73,9
DA:74,0
DA:75,0
DA:79,9
DA:80,9
DA:82,9
DA:84,0
DA:87,0
DA:88,0
DA:98,12
DA:99,3
DA:100,3
DA:103,9
DA:105,9
DA:107,9
DA:108,7
DA:109,6
DA:110,6
DA:115,9
DA:116,9
DA:118,9
DA:119,0
DA:122,9
DA:123,0
DA:126,0
DA:129,9
DA:130,9
DA:132,9
DA:134,0
DA:135,0
DA:145,9
DA:147,9
DA:153,9
DA:155,9
DA:156,9
DA:157,0
DA:161,9
DA:162,9
DA:163,1
DA:166,8
DA:173,8
DA:176,8
DA:177,8
DA:180,8
DA:181,8
DA:183,1
DA:187,1
DA:198,1
DA:200,1
DA:201,1
DA:202,0
DA:205,1
DA:207,1
DA:208,1
DA:209,1
DA:213,1
DA:216,1
DA:217,0
DA:221,1
DA:222,0
DA:223,0
DA:224,0
DA:225,0
DA:229,1
DA:232,1
DA:233,0
DA:236,1
DA:238,0
DA:242,0
DA:253,1
DA:255,1
DA:256,1
DA:257,0
DA:260,1
DA:262,1
DA:263,1
DA:267,1
DA:270,1
DA:272,1
DA:274,0
DA:278,0
DA:289,1
DA:305,3
DA:306,3
DA:307,1
DA:310,2
DA:326,7
DA:328,7
DA:329,7
DA:330,0
DA:334,7
DA:335,1
DA:338,6
DA:340,6
DA:341,6
DA:342,6
DA:345,6
DA:353,6
DA:354,6
DA:355,6
DA:356,0
DA:361,6
DA:362,6
DA:363,5
DA:364,5
DA:366,5
DA:367,5
DA:368,5
DA:369,5
DA:371,5
DA:383,5
DA:389,1
DA:390,1
DA:392,1
DA:393,1
DA:394,1
DA:395,1
DA:397,1
DA:409,1
DA:418,6
DA:419,6
DA:420,6
DA:423,6
DA:424,0
DA:425,0
DA:426,0
DA:427,0
DA:430,0
DA:437,6
DA:439,6
DA:447,1
DA:448,1
DA:449,1
DA:463,5
DA:466,5
DA:467,2
DA:470,5
DA:483,9
DA:492,8
DA:493,0
DA:496,8
DA:497,8
DA:498,8
DA:501,8
DA:502,8
DA:503,5
DA:509,5
DA:512,8
DA:519,8
DA:520,0
DA:521,0
DA:523,0
DA:535,8
DA:537,8
DA:539,3
DA:540,3
DA:541,0
DA:543,3
DA:546,0
DA:548,0
DA:549,0
DA:550,0
DA:551,0
DA:553,0
DA:558,0
DA:563,5
DA:566,0
DA:574,9
DA:575,9
DA:576,9
DA:577,9
DA:584,6
DA:585,6
DA:586,6
DA:593,6
DA:594,6
DA:595,5
DA:596,5
DA:599,6
DA:602,6
DA:603,0
DA:611,0
DA:612,0
DA:614,0
DA:615,0
DA:616,0
DA:617,0
DA:620,0
DA:621,0
DA:622,0
LF:206
LH:151
BRDA:34,0,0,10
BRDA:43,1,0,11
BRDA:43,1,1,10
BRDA:45,2,0,11
BRDA:45,2,1,11
BRDA:46,3,0,11
BRDA:46,3,1,11
BRDA:47,4,0,11
BRDA:47,4,1,11
BRDA:49,5,0,11
BRDA:49,5,1,11
BRDA:50,6,0,11
BRDA:50,6,1,11
BRDA:51,7,0,11
BRDA:51,7,1,11
BRDA:64,8,0,0
BRDA:74,9,0,0
BRDA:98,10,0,3
BRDA:108,11,0,6
BRDA:118,12,0,9
BRDA:118,12,1,0
BRDA:122,13,0,0
BRDA:156,14,0,0
BRDA:162,15,0,1
BRDA:176,16,0,8
BRDA:176,17,0,8
BRDA:176,17,1,8
BRDA:201,18,0,0
BRDA:207,19,0,1
BRDA:216,20,0,0
BRDA:221,21,0,0
BRDA:224,22,0,0
BRDA:232,23,0,0
BRDA:232,24,0,1
BRDA:232,24,1,1
BRDA:256,25,0,0
BRDA:262,26,0,1
BRDA:306,27,0,1
BRDA:329,28,0,0
BRDA:334,29,0,1
BRDA:355,30,0,0
BRDA:423,31,0,0
BRDA:423,32,0,6
BRDA:423,32,1,6
BRDA:426,33,0,0
BRDA:447,34,0,1
BRDA:447,34,1,0
BRDA:448,35,0,1
BRDA:448,35,1,1
BRDA:466,36,0,2
BRDA:492,37,0,0
BRDA:502,38,0,5
BRDA:537,39,0,3
BRDA:537,39,1,0
BRDA:537,39,2,5
BRDA:537,39,3,0
BRDA:540,40,0,0
BRDA:540,41,0,3
BRDA:540,41,1,3
BRDA:594,42,0,5
BRDA:602,43,0,0
BRDA:620,44,0,0
BRF:62
BRH:40
end_of_record
TN:
SF:src/scheduler/task-registry.ts
FN:12,(anonymous_0)
FN:20,(anonymous_1)
FN:35,(anonymous_2)
FN:46,(anonymous_3)
FN:62,(anonymous_4)
FN:77,(anonymous_5)
FN:92,(anonymous_6)
FN:103,(anonymous_7)
FN:112,(anonymous_8)
FN:119,(anonymous_9)
FNF:10
FNH:10
FNDA:21,(anonymous_0)
FNDA:26,(anonymous_1)
FNDA:25,(anonymous_2)
FNDA:2,(anonymous_3)
FNDA:13,(anonymous_4)
FNDA:2,(anonymous_5)
FNDA:3,(anonymous_6)
FNDA:2,(anonymous_7)
FNDA:11,(anonymous_8)
FNDA:12,(anonymous_9)
DA:8,2
DA:13,21
DA:14,21
DA:21,26
DA:22,1
DA:25,26
DA:26,26
DA:36,25
DA:37,25
DA:38,4
DA:40,25
DA:47,2
DA:49,2
DA:50,3
DA:56,2
DA:63,13
DA:64,13
DA:65,1
DA:71,12
DA:78,2
DA:79,2
DA:80,1
DA:83,1
DA:93,3
DA:94,3
DA:95,2
DA:97,3
DA:104,2
DA:105,2
DA:106,2
DA:113,11
DA:120,12
LF:32
LH:32
BRDA:21,0,0,1
BRDA:37,1,0,4
BRDA:40,2,0,25
BRDA:40,2,1,4
BRDA:64,3,0,1
BRDA:79,4,0,1
BRDA:94,5,0,2
BRF:7
BRH:7
end_of_record
TN:
SF:src/scheduler/tasks/market-data-task.ts
FN:14,(anonymous_0)
FN:21,(anonymous_1)
FN:47,(anonymous_2)
FN:56,(anonymous_3)
FN:61,(anonymous_4)
FN:86,(anonymous_5)
FN:94,(anonymous_6)
FN:101,(anonymous_7)
FN:105,(anonymous_8)
FN:107,(anonymous_9)
FN:117,(anonymous_10)
FNF:11
FNH:0
FNDA:0,(anonymous_0)
FNDA:0,(anonymous_1)
FNDA:0,(anonymous_2)
FNDA:0,(anonymous_3)
FNDA:0,(anonymous_4)
FNDA:0,(anonymous_5)
FNDA:0,(anonymous_6)
FNDA:0,(anonymous_7)
FNDA:0,(anonymous_8)
FNDA:0,(anonymous_9)
FNDA:0,(anonymous_10)
DA:5,0
DA:7,0
DA:9,0
DA:15,0
DA:26,0
DA:27,0
DA:29,0
DA:32,0
DA:33,0
DA:35,0
DA:36,0
DA:37,0
DA:40,0
DA:41,0
DA:43,0
DA:46,0
DA:48,0
DA:54,0
DA:56,0
DA:61,0
DA:68,0
DA:75,0
DA:76,0
DA:82,0
DA:84,0
DA:86,0
DA:87,0
DA:95,0
DA:102,0
DA:104,0
DA:105,0
DA:106,0
DA:107,0
DA:110,0
DA:118,0
DA:119,0
DA:120,0
DA:123,0
DA:124,0
DA:127,0
DA:128,0
DA:131,0
DA:132,0
DA:136,0
DA:137,0
DA:138,0
DA:143,0
DA:144,0
DA:147,0
LF:49
LH:0
BRDA:27,0,0,0
BRDA:27,0,1,0
BRDA:71,1,0,0
BRDA:71,1,1,0
BRDA:104,2,0,0
BRDA:104,2,1,0
BRDA:106,3,0,0
BRDA:106,3,1,0
BRDA:119,4,0,0
BRDA:127,5,0,0
BRDA:131,6,0,0
BRDA:137,7,0,0
BRDA:143,8,0,0
BRDA:143,9,0,0
BRDA:143,9,1,0
BRF:15
BRH:0
end_of_record
TN:
SF:src/scheduler/tasks/report-generation-task.ts
FN:17,(anonymous_0)
FN:24,(anonymous_1)
FN:107,(anonymous_2)
FN:115,(anonymous_3)
FN:122,(anonymous_4)
FN:126,(anonymous_5)
FN:128,(anonymous_6)
FN:138,(anonymous_7)
FN:143,(anonymous_8)
FN:144,(anonymous_9)
FN:146,(anonymous_10)
FN:147,(anonymous_11)
FN:156,(anonymous_12)
FN:166,(anonymous_13)
FN:177,(anonymous_14)
FN:186,(anonymous_15)
FNF:16
FNH:0
FNDA:0,(anonymous_0)
FNDA:0,(anonymous_1)
FNDA:0,(anonymous_2)
FNDA:0,(anonymous_3)
FNDA:0,(anonymous_4)
FNDA:0,(anonymous_5)
FNDA:0,(anonymous_6)
FNDA:0,(anonymous_7)
FNDA:0,(anonymous_8)
FNDA:0,(anonymous_9)
FNDA:0,(anonymous_10)
FNDA:0,(anonymous_11)
FNDA:0,(anonymous_12)
FNDA:0,(anonymous_13)
FNDA:0,(anonymous_14)
FNDA:0,(anonymous_15)
DA:5,0
DA:7,0
DA:8,0
DA:10,0
DA:18,0
DA:31,0
DA:32,0
DA:33,0
DA:34,0
DA:35,0
DA:37,0
DA:43,0
DA:44,0
DA:47,0
DA:48,0
DA:55,0
DA:56,0
DA:57,0
DA:60,0
DA:61,0
DA:63,0
DA:66,0
DA:73,0
DA:75,0
DA:81,0
DA:82,0
DA:85,0
DA:86,0
DA:92,0
DA:94,0
DA:99,0
DA:107,0
DA:108,0
DA:116,0
DA:123,0
DA:125,0
DA:126,0
DA:127,0
DA:128,0
DA:131,0
DA:139,0
DA:140,0
DA:142,0
DA:143,0
DA:144,0
DA:145,0
DA:146,0
DA:147,0
DA:150,0
DA:160,0
DA:161,0
DA:162,0
DA:165,0
DA:166,0
DA:167,0
DA:168,0
DA:169,0
DA:170,0
DA:171,0
DA:176,0
DA:177,0
DA:180,0
DA:187,0
DA:188,0
DA:189,0
DA:192,0
DA:195,0
DA:196,0
DA:197,0
DA:201,0
DA:202,0
DA:203,0
DA:207,0
DA:208,0
DA:212,0
DA:213,0
DA:214,0
DA:215,0
DA:219,0
LF:79
LH:0
BRDA:33,0,0,0
BRDA:33,0,1,0
BRDA:34,1,0,0
BRDA:34,1,1,0
BRDA:52,2,0,0
BRDA:52,2,1,0
BRDA:70,3,0,0
BRDA:70,3,1,0
BRDA:82,4,0,0
BRDA:82,4,1,0
BRDA:125,5,0,0
BRDA:125,5,1,0
BRDA:127,6,0,0
BRDA:127,6,1,0
BRDA:142,7,0,0
BRDA:142,7,1,0
BRDA:145,8,0,0
BRDA:161,9,0,0
BRDA:165,10,0,0
BRDA:167,11,0,0
BRDA:167,11,1,0
BRDA:169,12,0,0
BRDA:169,13,0,0
BRDA:169,13,1,0
BRDA:172,14,0,0
BRDA:172,14,1,0
BRDA:173,15,0,0
BRDA:173,15,1,0
BRDA:177,16,0,0
BRDA:177,16,1,0
BRDA:188,17,0,0
BRDA:196,18,0,0
BRDA:202,19,0,0
BRDA:207,20,0,0
BRDA:207,21,0,0
BRDA:207,21,1,0
BRDA:212,22,0,0
BRDA:214,23,0,0
BRF:38
BRH:0
end_of_record
TN:
SF:src/utils/errors.ts
FN:12,(anonymous_0)
FN:28,(anonymous_1)
FN:48,(anonymous_2)
FN:63,(anonymous_3)
FN:75,(anonymous_4)
FN:91,(anonymous_5)
FN:106,(anonymous_6)
FN:118,(anonymous_7)
FN:133,(anonymous_8)
FN:146,(anonymous_9)
FN:163,(anonymous_10)
FN:181,(anonymous_11)
FN:200,retry
FN:204,(anonymous_13)
FN:211,(anonymous_14)
FN:241,(anonymous_15)
FN:255,timeout
FN:256,(anonymous_17)
FN:263,(anonymous_18)
FN:264,(anonymous_19)
FN:265,(anonymous_20)
FN:280,withErrorBoundary
FN:284,(anonymous_22)
FNF:23
FNH:2
FNDA:0,(anonymous_0)
FNDA:0,(anonymous_1)
FNDA:0,(anonymous_2)
FNDA:0,(anonymous_3)
FNDA:1,(anonymous_4)
FNDA:1,(anonymous_5)
FNDA:0,(anonymous_6)
FNDA:0,(anonymous_7)
FNDA:0,(anonymous_8)
FNDA:0,(anonymous_9)
FNDA:0,(anonymous_10)
FNDA:0,(anonymous_11)
FNDA:0,retry
FNDA:0,(anonymous_13)
FNDA:0,(anonymous_14)
FNDA:0,(anonymous_15)
FNDA:0,timeout
FNDA:0,(anonymous_17)
FNDA:0,(anonymous_18)
FNDA:0,(anonymous_19)
FNDA:0,(anonymous_20)
FNDA:0,withErrorBoundary
FNDA:0,(anonymous_22)
DA:8,5
DA:13,0
DA:33,0
DA:49,0
DA:64,0
DA:76,1
DA:92,1
DA:107,0
DA:119,0
DA:134,0
DA:140,0
DA:148,0
DA:149,0
DA:150,0
DA:153,0
DA:154,0
DA:157,0
DA:164,0
DA:175,0
DA:182,0
DA:189,0
DA:190,0
DA:192,0
DA:200,5
DA:204,0
DA:209,0
DA:211,0
DA:214,0
DA:215,0
DA:216,0
DA:218,0
DA:221,0
DA:225,0
DA:226,0
DA:230,0
DA:233,0
DA:234,0
DA:241,0
DA:245,0
DA:248,0
DA:255,5
DA:256,0
DA:261,0
DA:263,0
DA:264,0
DA:265,0
DA:266,0
DA:270,0
DA:273,0
DA:280,5
DA:284,0
DA:285,0
DA:286,0
DA:288,0
DA:290,0
LF:55
LH:6
BRDA:153,0,0,0
BRDA:175,1,0,0
BRDA:175,1,1,0
BRDA:189,2,0,0
BRDA:189,2,1,0
BRDA:189,3,0,0
BRDA:189,3,1,0
BRDA:201,4,0,0
BRDA:221,5,0,0
BRDA:221,5,1,0
BRDA:222,6,0,0
BRDA:222,6,1,0
BRDA:225,7,0,0
BRDA:225,8,0,0
BRDA:225,8,1,0
BRDA:233,9,0,0
BRDA:285,10,0,0
BRDA:285,10,1,0
BRF:18
BRH:0
end_of_record
TN:
SF:src/utils/logger.ts
FN:14,(anonymous_10)
FN:27,(anonymous_11)
FN:84,(anonymous_12)
FN:97,(anonymous_13)
FN:104,(anonymous_14)
FN:111,(anonymous_15)
FN:118,(anonymous_16)
FN:125,(anonymous_17)
FN:132,(anonymous_18)
FN:136,(anonymous_19)
FN:140,(anonymous_20)
FN:142,(anonymous_21)
FN:144,(anonymous_22)
FN:146,(anonymous_23)
FN:148,(anonymous_24)
FN:150,(anonymous_25)
FN:152,(anonymous_26)
FN:159,(anonymous_27)
FN:167,createDefaultLogger
FNF:19
FNH:0
FNDA:0,(anonymous_10)
FNDA:0,(anonymous_11)
FNDA:0,(anonymous_12)
FNDA:0,(anonymous_13)
FNDA:0,(anonymous_14)
FNDA:0,(anonymous_15)
FNDA:0,(anonymous_16)
FNDA:0,(anonymous_17)
FNDA:0,(anonymous_18)
FNDA:0,(anonymous_19)
FNDA:0,(anonymous_20)
FNDA:0,(anonymous_21)
FNDA:0,(anonymous_22)
FNDA:0,(anonymous_23)
FNDA:0,(anonymous_24)
FNDA:0,(anonymous_25)
FNDA:0,(anonymous_26)
FNDA:0,(anonymous_27)
FNDA:0,createDefaultLogger
DA:6,4
DA:7,4
DA:10,4
DA:15,0
DA:18,0
DA:19,0
DA:28,0
DA:31,0
DA:40,0
DA:41,0
DA:42,0
DA:44,0
DA:47,0
DA:50,0
DA:63,0
DA:85,0
DA:86,0
DA:87,0
DA:89,0
DA:91,0
DA:98,0
DA:105,0
DA:112,0
DA:119,0
DA:126,0
DA:133,0
DA:134,0
DA:137,0
DA:141,0
DA:143,0
DA:145,0
DA:147,0
DA:149,0
DA:151,0
DA:152,0
DA:160,0
DA:167,4
DA:168,0
LF:38
LH:4
BRDA:18,0,0,0
BRDA:21,1,0,0
BRDA:21,1,1,0
BRDA:28,2,0,0
BRDA:28,2,1,0
BRDA:40,3,0,0
BRDA:85,4,0,0
BRDA:86,5,0,0
BRF:8
BRH:0
end_of_record
